This is pdfTeX, Version 3.14159265-2.6-1.40.18 (TeX Live 2017) (preloaded format=pdflatex 2017.5.23)  3 AUG 2018 15:39
entering extended mode
 restricted \write18 enabled.
 %&-line parsing enabled.
**proposal.tex
(./proposal.tex
LaTeX2e <2017-04-15>
Babel <3.10> and hyphenation patterns for 84 language(s) loaded.
(./h2020proposal.cls
Document Class: h2020proposal 2015/08/06 revision V0.7 by Giacomo Indiveri
Class h2020proposal Info: -- See the h2020proposal manual for usage information
. on input line 43.
Class h2020proposal Info: -- The source comments also have basic usage notes. o
n input line 44.
(/usr/local/texlive/2017/texmf-dist/tex/latex/memoir/memoir.cls
Document Class: memoir 2016/05/16 v3.7f configurable book, report, article docu
ment class
\onelineskip=\skip41
\lxvchars=\skip42
\xlvchars=\skip43
\@memcnta=\count79
\c@@memmarkcntra=\count80
(/usr/local/texlive/2017/texmf-dist/tex/generic/oberdiek/ifpdf.sty
Package: ifpdf 2017/03/15 v3.2 Provides the ifpdf switch
)
(/usr/local/texlive/2017/texmf-dist/tex/latex/ifetex/ifetex.sty
Package: ifetex 2011/12/15 v1.2 ifetex

(/usr/local/texlive/2017/texmf-dist/tex/plain/ifetex/ifetex.tex))
(/usr/local/texlive/2017/texmf-dist/tex/generic/ifxetex/ifxetex.sty
Package: ifxetex 2010/09/12 v0.6 Provides ifxetex conditional
)
(/usr/local/texlive/2017/texmf-dist/tex/generic/oberdiek/ifluatex.sty
Package: ifluatex 2016/05/16 v1.4 Provides the ifluatex switch (HO)
Package ifluatex Info: LuaTeX not detected.
)
\stockheight=\skip44
\stockwidth=\skip45
\trimtop=\skip46
\trimedge=\skip47

(/usr/local/texlive/2017/texmf-dist/tex/latex/memoir/mem11.clo
File: mem11.clo 2008/01/30 v0.3 memoir class 11pt size option
)
\binding=\skip48
\spinemargin=\skip49
\foremargin=\skip50
\uppermargin=\skip51
\lowermargin=\skip52
\headdrop=\skip53
\normalrulethickness=\skip54
\mem@maxheadheight=\skip55
\mem@maxfootheight=\skip56
\headwidth=\skip57
\c@storedpagenumber=\count81
\memPD=\dimen102
\m@mabparskip=\skip58
\thanksmarkwidth=\skip59
\thanksmarksep=\skip60
\droptitle=\skip61
\c@book=\count82
\c@part=\count83
\c@chapter=\count84
\c@section=\count85
\c@subsection=\count86
\c@subsubsection=\count87
\c@paragraph=\count88
\c@subparagraph=\count89
\beforechapskip=\skip62
\midchapskip=\skip63
\afterchapskip=\skip64
\chapindent=\skip65
\bottomsectionskip=\skip66
\secindent=\skip67
\beforesecskip=\skip68
\aftersecskip=\skip69
\subsecindent=\skip70
\beforesubsecskip=\skip71
\aftersubsecskip=\skip72
\subsubsecindent=\skip73
\beforesubsubsecskip=\skip74
\aftersubsubsecskip=\skip75
\paraindent=\skip76
\beforeparaskip=\skip77
\afterparaskip=\skip78
\subparaindent=\skip79
\beforesubparaskip=\skip80
\aftersubparaskip=\skip81
\pfbreakskip=\skip82
\c@@ppsavesec=\count90
\c@@ppsaveapp=\count91
\ragrparindent=\dimen103
\everylistparindent=\dimen104
\parsepi=\skip83
\topsepi=\skip84
\itemsepi=\skip85
\parsepii=\skip86
\topsepii=\skip87
\topsepiii=\skip88
\itemsepii=\skip89
\itemsepiii=\skip90
\partopsepii=\skip91
\partopsepiii=\skip92
\m@msavetopsep=\skip93
\m@msavepartopsep=\skip94
\@enLab=\toks14
\abstitleskip=\skip95
\absleftindent=\skip96
\abs@leftindent=\dimen105
\absrightindent=\skip97
\absparindent=\skip98
\absparsep=\skip99
\c@vslineno=\count92
\c@poemline=\count93
\c@modulo@vs=\count94
\c@memfvsline=\count95
\vleftskip=\skip100
\vrightskip=\skip101
\stanzaskip=\skip102
\versewidth=\skip103
\vgap=\skip104
\vindent=\skip105
\vleftmargin=\dimen106
\c@verse=\count96
\c@chrsinstr=\count97
\beforepoemtitleskip=\skip106
\afterpoemtitleskip=\skip107
\c@poem=\count98
\beforePoemTitleskip=\skip108
\midPoemTitleskip=\skip109
\afterPoemTitleskip=\skip110
\col@sep=\dimen107
\extrarowheight=\dimen108
\NC@list=\toks15
\extratabsurround=\skip111
\backup@length=\skip112
\TX@col@width=\dimen109
\TX@old@table=\dimen110
\TX@old@col=\dimen111
\TX@target=\dimen112
\TX@delta=\dimen113
\TX@cols=\count99
\TX@ftn=\toks16
\heavyrulewidth=\dimen114
\lightrulewidth=\dimen115
\cmidrulewidth=\dimen116
\belowrulesep=\dimen117
\belowbottomsep=\dimen118
\aboverulesep=\dimen119
\abovetopsep=\dimen120
\cmidrulesep=\dimen121
\cmidrulekern=\dimen122
\defaultaddspace=\dimen123
\@cmidla=\count100
\@cmidlb=\count101
\@aboverulesep=\dimen124
\@belowrulesep=\dimen125
\@thisruleclass=\count102
\@lastruleclass=\count103
\@thisrulewidth=\dimen126
\ctableftskip=\skip113
\ctabrightskip=\skip114
\abovecolumnspenalty=\count104
\@linestogo=\count105
\@cellstogo=\count106
\@cellsincolumn=\count107
\crtok=\toks17
\@mincolumnwidth=\dimen127
\c@newflo@tctr=\count108
\mem@margin@floatbox=\box26
\@contcwidth=\skip115
\@contindw=\skip116
\abovecaptionskip=\skip117
\belowcaptionskip=\skip118
\subfloattopskip=\skip119
\subfloatcapskip=\skip120
\subfloatcaptopadj=\skip121
\subfloatbottomskip=\skip122
\subfloatlabelskip=\skip123
\subfloatcapmargin=\dimen128
\c@@contsubnum=\count109
\m@mscap@capbox=\box27
\m@mscap@fbox=\box28
\sidecapsep=\dimen129
\sidecapwidth=\dimen130
\m@m@tempdima=\dimen131
\m@mscapraise=\dimen132
\sidecapraise=\dimen133
\m@mscapmainwidth=\dimen134
\m@mscaplkern=\dimen135
\beforeepigraphskip=\skip124
\afterepigraphskip=\skip125
\epigraphwidth=\skip126
\epigraphrule=\skip127
LaTeX Info: Redefining \em on input line 7551.
LaTeX Info: Redefining \emph on input line 7559.
\tocentryskip=\skip128
\tocbaseline=\skip129
\cftparskip=\skip130
\cftbeforebookskip=\skip131
\cftbookindent=\dimen136
\cftbooknumwidth=\dimen137
\cftbeforepartskip=\skip132
\cftpartindent=\skip133
\cftpartnumwidth=\skip134
\cftbeforechapterskip=\skip135
\cftchapterindent=\skip136
\cftchapternumwidth=\skip137
\cftbeforesectionskip=\skip138
\cftsectionindent=\skip139
\cftsectionnumwidth=\skip140
\cftbeforesubsectionskip=\skip141
\cftsubsectionindent=\skip142
\cftsubsectionnumwidth=\skip143
\cftbeforesubsubsectionskip=\skip144
\cftsubsubsectionindent=\skip145
\cftsubsubsectionnumwidth=\skip146
\cftbeforeparagraphskip=\skip147
\cftparagraphindent=\skip148
\cftparagraphnumwidth=\skip149
\cftbeforesubparagraphskip=\skip150
\cftsubparagraphindent=\skip151
\cftsubparagraphnumwidth=\skip152
\prechapterprecisshift=\dimen138
\c@maxsecnumdepth=\count110
\bibindent=\dimen139
\bibitemsep=\skip153
\indexcolsep=\skip154
\indexrule=\skip155
\indexmarkstyle=\toks18
\@indexbox=\insert199
\glossarycolsep=\dimen140
\glossaryrule=\dimen141
\sideparvshift=\skip156
\sideins=\insert198
\sidebartopsep=\skip157
\sidebarhsep=\skip158
\sidebarvsep=\skip159
\sidebarwidth=\skip160
\footmarkwidth=\skip161
\footmarksep=\skip162
\footparindent=\skip163
\footinsdim=\skip164
\footinsv@r=\insert197
\@mpfootinsv@r=\insert196
\m@m@k=\count111
\m@m@h=\dimen142
\m@mipn@skip=\skip165
\sidefootins=\insert195
\sidefootadjust=\skip166
\sidefootheight=\skip167
\sidefoothsep=\skip168
\sidefootvsep=\skip169
\sidefootwidth=\skip170
\m@mdownsf=\skip171
\c@sidefootnote=\count112
\sidefootmarkwidth=\skip172
\sidefootmarksep=\skip173
\sidefootparindent=\skip174
\c@pagenote=\count113
\c@pagenoteshadow=\count114
\mem@pn@lastkern=\skip175
\every@verbatim=\toks19
\afterevery@verbatim=\toks20
\verbatim@line=\toks21
\tab@position=\count115
\verbatim@in@stream=\read1
\verbatimindent=\skip176
\verbatim@out=\write3
\bvboxsep=\skip177
\c@memfbvline=\count116
\c@bvlinectr=\count117
\bvnumlength=\skip178
\fb@frw=\dimen143
\fb@frh=\dimen144
\FrameRule=\dimen145
\FrameSep=\dimen146
\c@cp@cntr=\count118
LaTeX Info: Redefining \: on input line 12068.
LaTeX Info: Redefining \! on input line 12070.
\c@ism@mctr=\count119
\c@xsm@mctr=\count120
\c@csm@mctr=\count121
\c@ksm@mctr=\count122
\c@xksm@mctr=\count123
\c@cksm@mctr=\count124
\c@msm@mctr=\count125
\c@xmsm@mctr=\count126
\c@cmsm@mctr=\count127
\c@bsm@mctr=\count128
\c@workm@mctr=\count129
\c@sheetsequence=\count130
\c@lastsheet=\count131
\c@lastpage=\count132
\c@figure=\count133
\c@lofdepth=\count134
\cftbeforefigureskip=\skip179
\cftfigureindent=\skip180
\cftfigurenumwidth=\skip181
\c@table=\count135
\c@lotdepth=\count136
\cftbeforetableskip=\skip182
\cfttableindent=\skip183
\cfttablenumwidth=\skip184
Package abstract [2008/07/23] emulated by memoir.
Package appendix [2008/07/23] emulated by memoir.
Package array [2008/09/09] emulated by memoir.
Package booktabs [2016/05/16] emulated by memoir.
Package ccaption [2008/07/23] emulated by memoir.
Package changepage [2008/07/23] emulated by memoir.
Package chngcntr [2008/07/23] emulated by memoir.
Package chngpage [2008/07/23] emulated by memoir.
Package crop emulated by memoir.
Package dcolumn [2008/07/23] emulated by memoir.
Package delarray [2008/07/23] emulated by memoir.
Package enumerate [2008/07/23] emulated by memoir.
Package epigraph [2008/07/23] emulated by memoir.
Package ifmtarg [2008/07/23] emulated by memoir.
Package index [2008/07/23] emulated by memoir.
Package makeidx [2008/07/23] emulated by memoir.
Package moreverb [2008/07/23] emulated by memoir.
Package mparhack [2008/07/23] emulated by memoir.
Package needspace [2008/07/23] emulated by memoir.
Package newfile [2008/07/23] emulated by memoir.
Package nextpage [2008/07/23] emulated by memoir.
Package pagenote [2008/07/23] emulated by memoir.
Package parskip [2008/07/23] emulated by memoir.
Package patchcmd [2008/07/23] emulated by memoir.
Package setspace [2008/07/23] emulated by memoir.
Package shortvrb [2008/07/23] emulated by memoir.
Package showidx [2008/07/23] emulated by memoir.
Package tabularx [2008/07/23] emulated by memoir.
Package titleref [2008/07/23] emulated by memoir.
Package titling [2008/07/23] emulated by memoir.
Package tocbibind [2008/07/23] emulated by memoir.
Package tocloft [2008/07/23] emulated by memoir.
Package tocvsec2 [2008/07/23] emulated by memoir.
Package verbatim [2008/07/23] emulated by memoir.
Package verse [2008/07/23] emulated by memoir.

(/usr/local/texlive/2017/texmf-dist/tex/latex/memoir/mempatch.sty
Package: mempatch 2009/07/24 v6.0f Patches for memoir class v1.6180339
))
(/usr/local/texlive/2017/texmf-dist/tex/latex/morewrites/morewrites.sty
(/usr/local/texlive/2017/texmf-dist/tex/latex/l3kernel/expl3.sty
Package: expl3 2017/05/13 L3 programming layer (loader) 

(/usr/local/texlive/2017/texmf-dist/tex/latex/l3kernel/expl3-code.tex
Package: expl3 2017/05/13 L3 programming layer (code)
\c_max_int=\count137
\l_tmpa_int=\count138
\l_tmpb_int=\count139
\g_tmpa_int=\count140
\g_tmpb_int=\count141
\g__prg_map_int=\count142
\c_log_iow=\count143
\l_iow_line_count_int=\count144
\l__iow_line_target_int=\count145
\l__iow_one_indent_int=\count146
\l__iow_indent_int=\count147
\c_zero_dim=\dimen147
\c_max_dim=\dimen148
\l_tmpa_dim=\dimen149
\l_tmpb_dim=\dimen150
\g_tmpa_dim=\dimen151
\g_tmpb_dim=\dimen152
\c_zero_skip=\skip185
\c_max_skip=\skip186
\l_tmpa_skip=\skip187
\l_tmpb_skip=\skip188
\g_tmpa_skip=\skip189
\g_tmpb_skip=\skip190
\c_zero_muskip=\muskip10
\c_max_muskip=\muskip11
\l_tmpa_muskip=\muskip12
\l_tmpb_muskip=\muskip13
\g_tmpa_muskip=\muskip14
\g_tmpb_muskip=\muskip15
\l_keys_choice_int=\count148
\c__fp_leading_shift_int=\count149
\c__fp_middle_shift_int=\count150
\c__fp_trailing_shift_int=\count151
\c__fp_big_leading_shift_int=\count152
\c__fp_big_middle_shift_int=\count153
\c__fp_big_trailing_shift_int=\count154
\c__fp_Bigg_leading_shift_int=\count155
\c__fp_Bigg_middle_shift_int=\count156
\c__fp_Bigg_trailing_shift_int=\count157
\c__fp_rand_size_int=\count158
\c__fp_rand_four_int=\count159
\c__fp_rand_eight_int=\count160
\l__sort_length_int=\count161
\l__sort_min_int=\count162
\l__sort_top_int=\count163
\l__sort_max_int=\count164
\l__sort_true_max_int=\count165
\l__sort_block_int=\count166
\l__sort_begin_int=\count167
\l__sort_end_int=\count168
\l__sort_A_int=\count169
\l__sort_B_int=\count170
\l__sort_C_int=\count171
\c_empty_box=\box29
\l_tmpa_box=\box30
\l_tmpb_box=\box31
\g_tmpa_box=\box32
\g_tmpb_box=\box33
\l__box_top_dim=\dimen153
\l__box_bottom_dim=\dimen154
\l__box_left_dim=\dimen155
\l__box_right_dim=\dimen156
\l__box_top_new_dim=\dimen157
\l__box_bottom_new_dim=\dimen158
\l__box_left_new_dim=\dimen159
\l__box_right_new_dim=\dimen160
\l__box_internal_box=\box34
\l__coffin_internal_box=\box35
\l__coffin_internal_dim=\dimen161
\l__coffin_offset_x_dim=\dimen162
\l__coffin_offset_y_dim=\dimen163
\l__coffin_x_dim=\dimen164
\l__coffin_y_dim=\dimen165
\l__coffin_x_prime_dim=\dimen166
\l__coffin_y_prime_dim=\dimen167
\c_empty_coffin=\box36
\l__coffin_aligned_coffin=\box37
\l__coffin_aligned_internal_coffin=\box38
\l_tmpa_coffin=\box39
\l_tmpb_coffin=\box40
\l__coffin_display_coffin=\box41
\l__coffin_display_coord_coffin=\box42
\l__coffin_display_pole_coffin=\box43
\l__coffin_display_offset_dim=\dimen168
\l__coffin_display_x_dim=\dimen169
\l__coffin_display_y_dim=\dimen170
\l__coffin_bounding_shift_dim=\dimen171
\l__coffin_left_corner_dim=\dimen172
\l__coffin_right_corner_dim=\dimen173
\l__coffin_bottom_corner_dim=\dimen174
\l__coffin_top_corner_dim=\dimen175
\l__coffin_scaled_total_height_dim=\dimen176
\l__coffin_scaled_width_dim=\dimen177
)
(/usr/local/texlive/2017/texmf-dist/tex/latex/l3kernel/l3pdfmode.def
File: l3pdfmode.def 2017/03/18 v L3 Experimental driver: PDF mode
\l__driver_color_stack_int=\count172
\l__driver_tmp_box=\box44
))
(/usr/local/texlive/2017/texmf-dist/tex/latex/morewrites/primargs.sty
Package: primargs 2017/04/10 Parsing arguments of primitives
)
Package: morewrites 2017/04/20 Always room for a new write
\g__morewrites_later_int=\count173
\l__morewrites_user_int=\count174
\g__morewrites_iow=\write4
\g__morewrites_ior=\read2
\g__morewrites_group_level_int=\count175
\g__morewrites_shipout_box=\box45
\l__morewrites_collect_next_int=\count176
\g__morewrites_alloc_write_int=\count177
)

******************************************************
Stock height and width: 845.04684pt by 597.50787pt
Top and edge trims: 0pt and 0pt
Page height and width: 845.04684pt by 597.50787pt
Text height and width: 691.0003pt by 490pt
Spine and edge margins: 49.79231pt and 57.71556pt
Upper and lower margins: 78.24507pt and 75.80147pt
Headheight and headsep: 13.6pt and 27.20001pt
Footskip: 27.20001pt
Columnsep and columnseprule: 10pt and 0pt
Marginparsep and marginparwidth: 17pt and 51pt
Sidecapsep and sidecapwidth: 7pt and 101pt
Sidebarhsep and sidebarwidth: 7pt and 101pt
Sidebarvsep and sidebartopsep: 13.6pt and 0pt
Sidebarheight: 594.32022pt
Sidefoothsep and sidefootwidth: 7pt and 101pt
Sidefootvsep and sidefootheight: 13.6pt and 594.32022pt
******************************************************

(/usr/local/texlive/2017/texmf-dist/tex/latex/tools/longtable.sty
Package: longtable 2014/10/28 v4.11 Multi-page Table package (DPC)
\LTleft=\skip191
\LTright=\skip192
\LTpre=\skip193
\LTpost=\skip194
\LTchunksize=\count178
\LTcapwidth=\dimen178
\LT@head=\box46
\LT@firsthead=\box47
\LT@foot=\box48
\LT@lastfoot=\box49
\LT@cols=\count179
\LT@rows=\count180
\c@LT@tables=\count181
\c@LT@chunks=\count182
\LT@p@ftn=\toks22
)
(/usr/local/texlive/2017/texmf-dist/tex/latex/coolstr/coolstr.sty
Package: coolstr 2009/09/09 v2.2 COntent Oriented LaTeX Strings

(/usr/local/texlive/2017/texmf-dist/tex/latex/base/ifthen.sty
Package: ifthen 2014/09/29 v1.1c Standard LaTeX ifthen package (DPC)
)
(/usr/local/texlive/2017/texmf-dist/tex/latex/amsmath/amsmath.sty
Package: amsmath 2016/11/05 v2.16a AMS math features
\@mathmargin=\skip256

For additional information on amsmath, use the `?' option.
(/usr/local/texlive/2017/texmf-dist/tex/latex/amsmath/amstext.sty
Package: amstext 2000/06/29 v2.01 AMS text

(/usr/local/texlive/2017/texmf-dist/tex/latex/amsmath/amsgen.sty
File: amsgen.sty 1999/11/30 v2.0 generic functions
\@emptytoks=\toks23
\ex@=\dimen179
))
(/usr/local/texlive/2017/texmf-dist/tex/latex/amsmath/amsbsy.sty
Package: amsbsy 1999/11/29 v1.2d Bold Symbols
\pmbraise@=\dimen180
)
(/usr/local/texlive/2017/texmf-dist/tex/latex/amsmath/amsopn.sty
Package: amsopn 2016/03/08 v2.02 operator names
)
\inf@bad=\count183
LaTeX Info: Redefining \frac on input line 213.
\uproot@=\count184
\leftroot@=\count185
LaTeX Info: Redefining \overline on input line 375.
\classnum@=\count186
\DOTSCASE@=\count187
LaTeX Info: Redefining \ldots on input line 472.
LaTeX Info: Redefining \dots on input line 475.
LaTeX Info: Redefining \cdots on input line 596.
\Mathstrutbox@=\box50
\strutbox@=\box51
\big@size=\dimen181
LaTeX Font Info:    Redeclaring font encoding OML on input line 712.
LaTeX Font Info:    Redeclaring font encoding OMS on input line 713.
\macc@depth=\count188
\c@MaxMatrixCols=\count189
\dotsspace@=\muskip16
\c@parentequation=\count190
\dspbrk@lvl=\count191
\tag@help=\toks24
\row@=\count192
\column@=\count193
\maxfields@=\count194
\andhelp@=\toks25
\eqnshift@=\dimen182
\alignsep@=\dimen183
\tagshift@=\dimen184
\tagwidth@=\dimen185
\totwidth@=\dimen186
\lineht@=\dimen187
\@envbody=\toks26
\multlinegap=\skip257
\multlinetaggap=\skip258
\mathdisplay@stack=\toks27
LaTeX Info: Redefining \[ on input line 2817.
LaTeX Info: Redefining \] on input line 2818.
)
(/usr/local/texlive/2017/texmf-dist/tex/latex/amsfonts/amssymb.sty
Package: amssymb 2013/01/14 v3.01 AMS font symbols

(/usr/local/texlive/2017/texmf-dist/tex/latex/amsfonts/amsfonts.sty
Package: amsfonts 2013/01/14 v3.01 Basic AMSFonts support
\symAMSa=\mathgroup4
\symAMSb=\mathgroup5
LaTeX Font Info:    Overwriting math alphabet `\mathfrak' in version `bold'
(Font)                  U/euf/m/n --> U/euf/b/n on input line 106.
))
\c@COOL@strlen=\count266
\c@COOL@strpointer=\count267
\c@COOL@str@index=\count268
\c@COOL@str@start=\count269
\c@COOL@str@end=\count270
)
(/usr/local/texlive/2017/texmf-dist/tex/latex/colortbl/colortbl.sty
Package: colortbl 2012/02/13 v1.0a Color table columns (DPC)

(/usr/local/texlive/2017/texmf-dist/tex/latex/graphics/color.sty
Package: color 2016/07/10 v1.1e Standard LaTeX Color (DPC)

(/usr/local/texlive/2017/texmf-dist/tex/latex/graphics-cfg/color.cfg
File: color.cfg 2016/01/02 v1.6 sample color configuration
)
Package color Info: Driver file: pdftex.def on input line 147.

(/usr/local/texlive/2017/texmf-dist/tex/latex/graphics-def/pdftex.def
File: pdftex.def 2017/01/12 v0.06k Graphics/color for pdfTeX

(/usr/local/texlive/2017/texmf-dist/tex/generic/oberdiek/infwarerr.sty
Package: infwarerr 2016/05/16 v1.4 Providing info/warning/error messages (HO)
)
(/usr/local/texlive/2017/texmf-dist/tex/generic/oberdiek/ltxcmds.sty
Package: ltxcmds 2016/05/16 v1.23 LaTeX kernel commands for general use (HO)
)
\Gread@gobject=\count271
))
\everycr=\toks28
\minrowclearance=\skip259
)
\c@@wpcount=\count272
\c@@milestone=\count273
\c@@risk=\count274
\c@@pcount=\count275
\c@@totpm=\count276
\c@@totdeliv=\count277
\c@@tottask=\count278
\c@@wptask=\count279
\c@@wpdeliv=\count280
\c@@wpgroup=\count281
\c@@wpcolempty=\count282
\c@@wpcolgroup=\count283
\c@@wpcolidx=\count284
\c@@wpcolgrplast=\count285
\c@@wpcountgroups=\count286
\c@@wptotgroups=\count287
\c@@pmpnum=\count288
\c@@costsT=\count289
\c@@costsE=\count290
\c@@costsO=\count291
\c@@totcosts=\count292
\c@@costsLRI=\count293
\c@@row=\count294
\c@@deliv0date=\count295
)
(/usr/local/texlive/2017/texmf-dist/tex/latex/base/fontenc.sty
Package: fontenc 2017/04/05 v2.0i Standard LaTeX package

(/usr/local/texlive/2017/texmf-dist/tex/latex/base/ot1enc.def
File: ot1enc.def 2017/04/05 v2.0i Standard LaTeX file
LaTeX Font Info:    Redeclaring font encoding OT1 on input line 48.
))
(/usr/local/texlive/2017/texmf-dist/tex/generic/babel/babel.sty
Package: babel 2017/05/19 3.10 The Babel package

(/usr/local/texlive/2017/texmf-dist/tex/generic/babel-english/english.ldf
Language: english 2017/01/24 v3.3q English support from the babel system

(/usr/local/texlive/2017/texmf-dist/tex/generic/babel/babel.def
File: babel.def 2017/05/19 3.10 Babel common definitions
\babel@savecnt=\count296
\U@D=\dimen188
)
\l@canadian = a dialect from \language\l@american 
\l@australian = a dialect from \language\l@british 
\l@newzealand = a dialect from \language\l@british 
))
(/usr/local/texlive/2017/texmf-dist/tex/latex/soul/soul.sty
Package: soul 2003/11/17 v2.4 letterspacing/underlining (mf)
\SOUL@word=\toks29
\SOUL@lasttoken=\toks30
\SOUL@cmds=\toks31
\SOUL@buffer=\toks32
\SOUL@token=\toks33
\SOUL@spaceskip=\skip260
\SOUL@ttwidth=\dimen189
\SOUL@uldp=\dimen190
\SOUL@ulht=\dimen191
)
(/usr/local/texlive/2017/texmf-dist/tex/latex/psnfss/mathpazo.sty
Package: mathpazo 2005/04/12 PSNFSS-v9.2a Palatino w/ Pazo Math (D.Puga, WaS) 
\symupright=\mathgroup6
)
(/usr/local/texlive/2017/texmf-dist/tex/latex/jknapltx/mathrsfs.sty
Package: mathrsfs 1996/01/01 Math RSFS package v1.0 (jk)
\symrsfs=\mathgroup7
)
(/usr/local/texlive/2017/texmf-dist/tex/latex/apacite/apacite.sty
Package: apacite 2013/07/21 v6.03 APA citation
\c@BibCnt=\count297
\bibleftmargin=\skip261
\bibindent=\skip262
\bibparsep=\skip263
\bibitemsep=\skip264
\biblabelsep=\skip265
)
(/usr/local/texlive/2017/texmf-dist/tex/latex/pgfgantt/pgfgantt.sty
Package: pgfgantt 2013/06/01 v4.0 Draw Gantt diagrams with TikZ

(/usr/local/texlive/2017/texmf-dist/tex/latex/pgf/frontendlayer/tikz.sty
(/usr/local/texlive/2017/texmf-dist/tex/latex/pgf/basiclayer/pgf.sty
(/usr/local/texlive/2017/texmf-dist/tex/latex/pgf/utilities/pgfrcs.sty
(/usr/local/texlive/2017/texmf-dist/tex/generic/pgf/utilities/pgfutil-common.te
x
\pgfutil@everybye=\toks34
\pgfutil@tempdima=\dimen192
\pgfutil@tempdimb=\dimen193

(/usr/local/texlive/2017/texmf-dist/tex/generic/pgf/utilities/pgfutil-common-li
sts.tex))
(/usr/local/texlive/2017/texmf-dist/tex/generic/pgf/utilities/pgfutil-latex.def
\pgfutil@abb=\box52
(/usr/local/texlive/2017/texmf-dist/tex/latex/ms/everyshi.sty
Package: everyshi 2001/05/15 v3.00 EveryShipout Package (MS)
))
(/usr/local/texlive/2017/texmf-dist/tex/generic/pgf/utilities/pgfrcs.code.tex
Package: pgfrcs 2015/08/07 v3.0.1a (rcs-revision 1.31)
))
Package: pgf 2015/08/07 v3.0.1a (rcs-revision 1.15)
(/usr/local/texlive/2017/texmf-dist/tex/latex/pgf/basiclayer/pgfcore.sty
(/usr/local/texlive/2017/texmf-dist/tex/latex/graphics/graphicx.sty
Package: graphicx 2014/10/28 v1.0g Enhanced LaTeX Graphics (DPC,SPQR)

(/usr/local/texlive/2017/texmf-dist/tex/latex/graphics/keyval.sty
Package: keyval 2014/10/28 v1.15 key=value parser (DPC)
\KV@toks@=\toks35
)
(/usr/local/texlive/2017/texmf-dist/tex/latex/graphics/graphics.sty
Package: graphics 2017/04/14 v1.1b Standard LaTeX Graphics (DPC,SPQR)

(/usr/local/texlive/2017/texmf-dist/tex/latex/graphics/trig.sty
Package: trig 2016/01/03 v1.10 sin cos tan (DPC)
)
(/usr/local/texlive/2017/texmf-dist/tex/latex/graphics-cfg/graphics.cfg
File: graphics.cfg 2016/06/04 v1.11 sample graphics configuration
)
Package graphics Info: Driver file: pdftex.def on input line 99.
)
\Gin@req@height=\dimen194
\Gin@req@width=\dimen256
)
(/usr/local/texlive/2017/texmf-dist/tex/latex/pgf/systemlayer/pgfsys.sty
(/usr/local/texlive/2017/texmf-dist/tex/generic/pgf/systemlayer/pgfsys.code.tex
Package: pgfsys 2014/07/09 v3.0.1a (rcs-revision 1.48)
(/usr/local/texlive/2017/texmf-dist/tex/generic/pgf/utilities/pgfkeys.code.tex
\pgfkeys@pathtoks=\toks36
\pgfkeys@temptoks=\toks37

(/usr/local/texlive/2017/texmf-dist/tex/generic/pgf/utilities/pgfkeysfiltered.c
ode.tex
\pgfkeys@tmptoks=\toks38
))
\pgf@x=\dimen257
\pgf@y=\dimen258
\pgf@xa=\dimen259
\pgf@ya=\dimen260
\pgf@xb=\dimen261
\pgf@yb=\dimen262
\pgf@xc=\dimen263
\pgf@yc=\dimen264
\w@pgf@writea=\write19
\r@pgf@reada=\read3
\c@pgf@counta=\count298
\c@pgf@countb=\count299
\c@pgf@countc=\count300
\c@pgf@countd=\count301
\t@pgf@toka=\toks39
\t@pgf@tokb=\toks40
\t@pgf@tokc=\toks41

(/usr/local/texlive/2017/texmf-dist/tex/generic/pgf/systemlayer/pgf.cfg
File: pgf.cfg 2008/05/14  (rcs-revision 1.7)
)
Driver file for pgf: pgfsys-pdftex.def

(/usr/local/texlive/2017/texmf-dist/tex/generic/pgf/systemlayer/pgfsys-pdftex.d
ef
File: pgfsys-pdftex.def 2014/10/11  (rcs-revision 1.35)

(/usr/local/texlive/2017/texmf-dist/tex/generic/pgf/systemlayer/pgfsys-common-p
df.def
File: pgfsys-common-pdf.def 2013/10/10  (rcs-revision 1.13)
)))
(/usr/local/texlive/2017/texmf-dist/tex/generic/pgf/systemlayer/pgfsyssoftpath.
code.tex
File: pgfsyssoftpath.code.tex 2013/09/09  (rcs-revision 1.9)
\pgfsyssoftpath@smallbuffer@items=\count302
\pgfsyssoftpath@bigbuffer@items=\count303
)
(/usr/local/texlive/2017/texmf-dist/tex/generic/pgf/systemlayer/pgfsysprotocol.
code.tex
File: pgfsysprotocol.code.tex 2006/10/16  (rcs-revision 1.4)
)) (/usr/local/texlive/2017/texmf-dist/tex/latex/xcolor/xcolor.sty
Package: xcolor 2016/05/11 v2.12 LaTeX color extensions (UK)

(/usr/local/texlive/2017/texmf-dist/tex/latex/graphics-cfg/color.cfg
File: color.cfg 2016/01/02 v1.6 sample color configuration
)
Package xcolor Info: Driver file: pdftex.def on input line 225.
LaTeX Info: Redefining \color on input line 709.
Package xcolor Info: Model `cmy' substituted by `cmy0' on input line 1348.
Package xcolor Info: Model `hsb' substituted by `rgb' on input line 1352.
Package xcolor Info: Model `RGB' extended on input line 1364.
Package xcolor Info: Model `HTML' substituted by `rgb' on input line 1366.
Package xcolor Info: Model `Hsb' substituted by `hsb' on input line 1367.
Package xcolor Info: Model `tHsb' substituted by `hsb' on input line 1368.
Package xcolor Info: Model `HSB' substituted by `hsb' on input line 1369.
Package xcolor Info: Model `Gray' substituted by `gray' on input line 1370.
Package xcolor Info: Model `wave' substituted by `hsb' on input line 1371.
)
(/usr/local/texlive/2017/texmf-dist/tex/generic/pgf/basiclayer/pgfcore.code.tex
Package: pgfcore 2010/04/11 v3.0.1a (rcs-revision 1.7)
(/usr/local/texlive/2017/texmf-dist/tex/generic/pgf/math/pgfmath.code.tex
(/usr/local/texlive/2017/texmf-dist/tex/generic/pgf/math/pgfmathcalc.code.tex
(/usr/local/texlive/2017/texmf-dist/tex/generic/pgf/math/pgfmathutil.code.tex)
(/usr/local/texlive/2017/texmf-dist/tex/generic/pgf/math/pgfmathparser.code.tex
\pgfmath@dimen=\dimen265
\pgfmath@count=\count304
\pgfmath@box=\box53
\pgfmath@toks=\toks42
\pgfmath@stack@operand=\toks43
\pgfmath@stack@operation=\toks44
)
(/usr/local/texlive/2017/texmf-dist/tex/generic/pgf/math/pgfmathfunctions.code.
tex
(/usr/local/texlive/2017/texmf-dist/tex/generic/pgf/math/pgfmathfunctions.basic
.code.tex)
(/usr/local/texlive/2017/texmf-dist/tex/generic/pgf/math/pgfmathfunctions.trigo
nometric.code.tex)
(/usr/local/texlive/2017/texmf-dist/tex/generic/pgf/math/pgfmathfunctions.rando
m.code.tex)
(/usr/local/texlive/2017/texmf-dist/tex/generic/pgf/math/pgfmathfunctions.compa
rison.code.tex)
(/usr/local/texlive/2017/texmf-dist/tex/generic/pgf/math/pgfmathfunctions.base.
code.tex)
(/usr/local/texlive/2017/texmf-dist/tex/generic/pgf/math/pgfmathfunctions.round
.code.tex)
(/usr/local/texlive/2017/texmf-dist/tex/generic/pgf/math/pgfmathfunctions.misc.
code.tex)
(/usr/local/texlive/2017/texmf-dist/tex/generic/pgf/math/pgfmathfunctions.integ
erarithmetics.code.tex)))
(/usr/local/texlive/2017/texmf-dist/tex/generic/pgf/math/pgfmathfloat.code.tex
\c@pgfmathroundto@lastzeros=\count305
))
(/usr/local/texlive/2017/texmf-dist/tex/generic/pgf/basiclayer/pgfcorepoints.co
de.tex
File: pgfcorepoints.code.tex 2013/10/07  (rcs-revision 1.27)
\pgf@picminx=\dimen266
\pgf@picmaxx=\dimen267
\pgf@picminy=\dimen268
\pgf@picmaxy=\dimen269
\pgf@pathminx=\dimen270
\pgf@pathmaxx=\dimen271
\pgf@pathminy=\dimen272
\pgf@pathmaxy=\dimen273
\pgf@xx=\dimen274
\pgf@xy=\dimen275
\pgf@yx=\dimen276
\pgf@yy=\dimen277
\pgf@zx=\dimen278
\pgf@zy=\dimen279
)
(/usr/local/texlive/2017/texmf-dist/tex/generic/pgf/basiclayer/pgfcorepathconst
ruct.code.tex
File: pgfcorepathconstruct.code.tex 2013/10/07  (rcs-revision 1.29)
\pgf@path@lastx=\dimen280
\pgf@path@lasty=\dimen281
)
(/usr/local/texlive/2017/texmf-dist/tex/generic/pgf/basiclayer/pgfcorepathusage
.code.tex
File: pgfcorepathusage.code.tex 2014/11/02  (rcs-revision 1.24)
\pgf@shorten@end@additional=\dimen282
\pgf@shorten@start@additional=\dimen283
)
(/usr/local/texlive/2017/texmf-dist/tex/generic/pgf/basiclayer/pgfcorescopes.co
de.tex
File: pgfcorescopes.code.tex 2015/05/08  (rcs-revision 1.46)
\pgfpic=\box54
\pgf@hbox=\box55
\pgf@layerbox@main=\box56
\pgf@picture@serial@count=\count306
)
(/usr/local/texlive/2017/texmf-dist/tex/generic/pgf/basiclayer/pgfcoregraphicst
ate.code.tex
File: pgfcoregraphicstate.code.tex 2014/11/02  (rcs-revision 1.12)
\pgflinewidth=\dimen284
)
(/usr/local/texlive/2017/texmf-dist/tex/generic/pgf/basiclayer/pgfcoretransform
ations.code.tex
File: pgfcoretransformations.code.tex 2015/08/07  (rcs-revision 1.20)
\pgf@pt@x=\dimen285
\pgf@pt@y=\dimen286
\pgf@pt@temp=\dimen287
)
(/usr/local/texlive/2017/texmf-dist/tex/generic/pgf/basiclayer/pgfcorequick.cod
e.tex
File: pgfcorequick.code.tex 2008/10/09  (rcs-revision 1.3)
)
(/usr/local/texlive/2017/texmf-dist/tex/generic/pgf/basiclayer/pgfcoreobjects.c
ode.tex
File: pgfcoreobjects.code.tex 2006/10/11  (rcs-revision 1.2)
)
(/usr/local/texlive/2017/texmf-dist/tex/generic/pgf/basiclayer/pgfcorepathproce
ssing.code.tex
File: pgfcorepathprocessing.code.tex 2013/09/09  (rcs-revision 1.9)
)
(/usr/local/texlive/2017/texmf-dist/tex/generic/pgf/basiclayer/pgfcorearrows.co
de.tex
File: pgfcorearrows.code.tex 2015/05/14  (rcs-revision 1.43)
\pgfarrowsep=\dimen288
)
(/usr/local/texlive/2017/texmf-dist/tex/generic/pgf/basiclayer/pgfcoreshade.cod
e.tex
File: pgfcoreshade.code.tex 2013/07/15  (rcs-revision 1.15)
\pgf@max=\dimen289
\pgf@sys@shading@range@num=\count307
)
(/usr/local/texlive/2017/texmf-dist/tex/generic/pgf/basiclayer/pgfcoreimage.cod
e.tex
File: pgfcoreimage.code.tex 2013/07/15  (rcs-revision 1.18)

(/usr/local/texlive/2017/texmf-dist/tex/generic/pgf/basiclayer/pgfcoreexternal.
code.tex
File: pgfcoreexternal.code.tex 2014/07/09  (rcs-revision 1.21)
\pgfexternal@startupbox=\box57
))
(/usr/local/texlive/2017/texmf-dist/tex/generic/pgf/basiclayer/pgfcorelayers.co
de.tex
File: pgfcorelayers.code.tex 2013/07/18  (rcs-revision 1.7)
)
(/usr/local/texlive/2017/texmf-dist/tex/generic/pgf/basiclayer/pgfcoretranspare
ncy.code.tex
File: pgfcoretransparency.code.tex 2013/09/30  (rcs-revision 1.5)
)
(/usr/local/texlive/2017/texmf-dist/tex/generic/pgf/basiclayer/pgfcorepatterns.
code.tex
File: pgfcorepatterns.code.tex 2013/11/07  (rcs-revision 1.5)
)))
(/usr/local/texlive/2017/texmf-dist/tex/generic/pgf/modules/pgfmoduleshapes.cod
e.tex
File: pgfmoduleshapes.code.tex 2014/03/21  (rcs-revision 1.35)
\pgfnodeparttextbox=\box58
)
(/usr/local/texlive/2017/texmf-dist/tex/generic/pgf/modules/pgfmoduleplot.code.
tex
File: pgfmoduleplot.code.tex 2015/08/03  (rcs-revision 1.13)
)
(/usr/local/texlive/2017/texmf-dist/tex/latex/pgf/compatibility/pgfcomp-version
-0-65.sty
Package: pgfcomp-version-0-65 2007/07/03 v3.0.1a (rcs-revision 1.7)
\pgf@nodesepstart=\dimen290
\pgf@nodesepend=\dimen291
)
(/usr/local/texlive/2017/texmf-dist/tex/latex/pgf/compatibility/pgfcomp-version
-1-18.sty
Package: pgfcomp-version-1-18 2007/07/23 v3.0.1a (rcs-revision 1.1)
))
(/usr/local/texlive/2017/texmf-dist/tex/latex/pgf/utilities/pgffor.sty
(/usr/local/texlive/2017/texmf-dist/tex/latex/pgf/utilities/pgfkeys.sty
(/usr/local/texlive/2017/texmf-dist/tex/generic/pgf/utilities/pgfkeys.code.tex)
) (/usr/local/texlive/2017/texmf-dist/tex/latex/pgf/math/pgfmath.sty
(/usr/local/texlive/2017/texmf-dist/tex/generic/pgf/math/pgfmath.code.tex))
(/usr/local/texlive/2017/texmf-dist/tex/generic/pgf/utilities/pgffor.code.tex
Package: pgffor 2013/12/13 v3.0.1a (rcs-revision 1.25)

(/usr/local/texlive/2017/texmf-dist/tex/generic/pgf/math/pgfmath.code.tex)
\pgffor@iter=\dimen292
\pgffor@skip=\dimen293
\pgffor@stack=\toks45
\pgffor@toks=\toks46
))
(/usr/local/texlive/2017/texmf-dist/tex/generic/pgf/frontendlayer/tikz/tikz.cod
e.tex
Package: tikz 2015/08/07 v3.0.1a (rcs-revision 1.151)

(/usr/local/texlive/2017/texmf-dist/tex/generic/pgf/libraries/pgflibraryplothan
dlers.code.tex
File: pgflibraryplothandlers.code.tex 2013/08/31 v3.0.1a (rcs-revision 1.20)
\pgf@plot@mark@count=\count308
\pgfplotmarksize=\dimen294
)
\tikz@lastx=\dimen295
\tikz@lasty=\dimen296
\tikz@lastxsaved=\dimen297
\tikz@lastysaved=\dimen298
\tikzleveldistance=\dimen299
\tikzsiblingdistance=\dimen300
\tikz@figbox=\box59
\tikz@figbox@bg=\box60
\tikz@tempbox=\box61
\tikz@tempbox@bg=\box62
\tikztreelevel=\count309
\tikznumberofchildren=\count310
\tikznumberofcurrentchild=\count311
\tikz@fig@count=\count312

(/usr/local/texlive/2017/texmf-dist/tex/generic/pgf/modules/pgfmodulematrix.cod
e.tex
File: pgfmodulematrix.code.tex 2013/09/17  (rcs-revision 1.8)
\pgfmatrixcurrentrow=\count313
\pgfmatrixcurrentcolumn=\count314
\pgf@matrix@numberofcolumns=\count315
)
\tikz@expandcount=\count316

(/usr/local/texlive/2017/texmf-dist/tex/generic/pgf/frontendlayer/tikz/librarie
s/tikzlibrarytopaths.code.tex
File: tikzlibrarytopaths.code.tex 2008/06/17 v3.0.1a (rcs-revision 1.2)
)))
(/usr/local/texlive/2017/texmf-dist/tex/generic/pgf/frontendlayer/tikz/librarie
s/tikzlibraryarrows.code.tex
File: tikzlibraryarrows.code.tex 2008/01/09 v3.0.1a (rcs-revision 1.1)

(/usr/local/texlive/2017/texmf-dist/tex/generic/pgf/libraries/pgflibraryarrows.
code.tex
File: pgflibraryarrows.code.tex 2013/09/23 v3.0.1a (rcs-revision 1.16)
\arrowsize=\dimen301
))
(/usr/local/texlive/2017/texmf-dist/tex/generic/pgf/frontendlayer/tikz/librarie
s/tikzlibrarybackgrounds.code.tex
File: tikzlibrarybackgrounds.code.tex 2013/07/18 v3.0.1a (rcs-revision 1.3)
\pgf@layerbox@background=\box63
\pgf@layerboxsaved@background=\box64
)
(/usr/local/texlive/2017/texmf-dist/tex/generic/pgf/frontendlayer/tikz/librarie
s/tikzlibrarycalc.code.tex
File: tikzlibrarycalc.code.tex 2013/07/15 v3.0.1a (rcs-revision 1.9)
)
(/usr/local/texlive/2017/texmf-dist/tex/generic/pgf/frontendlayer/tikz/librarie
s/tikzlibrarypatterns.code.tex
File: tikzlibrarypatterns.code.tex 2008/01/15 v3.0.1a (rcs-revision 1.2)

(/usr/local/texlive/2017/texmf-dist/tex/generic/pgf/libraries/pgflibrarypattern
s.code.tex
File: pgflibrarypatterns.code.tex 2008/03/03 v3.0.1a (rcs-revision 1.13)
))
(/usr/local/texlive/2017/texmf-dist/tex/generic/pgf/frontendlayer/tikz/librarie
s/tikzlibrarypositioning.code.tex
File: tikzlibrarypositioning.code.tex 2008/10/06 v3.0.1a (rcs-revision 1.7)
)
(/usr/local/texlive/2017/texmf-dist/tex/generic/pgf/frontendlayer/tikz/librarie
s/tikzlibraryshapes.geometric.code.tex
File: tikzlibraryshapes.geometric.code.tex 2008/01/09 v3.0.1a (rcs-revision 1.1
)

(/usr/local/texlive/2017/texmf-dist/tex/generic/pgf/libraries/shapes/pgflibrary
shapes.geometric.code.tex
File: pgflibraryshapes.geometric.code.tex 2008/06/26 v3.0.1a (rcs-revision 1.1)

))
(/usr/local/texlive/2017/texmf-dist/tex/latex/pgf/utilities/pgfcalendar.sty
(/usr/local/texlive/2017/texmf-dist/tex/generic/pgf/utilities/pgfcalendar.code.
tex
File: pgfcalendar.code.tex 2007/07/23 v3.0.1a (rcs-revision 1.11)
\pgfcalendarcurrentjulian=\count317
))
\gtt@currentline=\count318
\gtt@lasttitleline=\count319
\gtt@currgrid=\count320
\gtt@chartwidth=\count321
\gtt@lasttitleslot=\count322
\gtt@elementid=\count323
\gtt@today@slot=\count324
\gtt@startjulian=\count325
\gtt@endjulian=\count326
\gtt@calendar@slots=\count327
\gtt@calendar@weeknumber=\count328
\gtt@calendar@startofweek=\count329
\gtt@left@slot=\count330
\gtt@right@slot=\count331
) (/usr/local/texlive/2017/texmf-dist/tex/latex/pdfcprot/pdfcprot.sty
Package: pdfcprot 2002/02/27 v1.5 character protruding using pdflatex (cs)
\c@CPROT@family=\count332
\c@CPROT@family@temp=\count333
\c@CPROT@series=\count334
\c@CPROT@series@temp=\count335
\c@CPROT@shape=\count336
\c@CPROT@shape@temp=\count337
\c@CPROT@size=\count338
\c@CPROT@size@temp=\count339
\c@CPROT@temp@chars=\count340
Package pdfcprot Info: You've requested char protruding for TS1 encoding
(pdfcprot)             but TS1 encoding doesn't seem to be loaded.
(pdfcprot)             Maybe you forgot a '\usepackage{textcomp}'. on input lin
e 805.
Package pdfcprot Info: You've requested char protruding for TS1 encoding
(pdfcprot)             but TS1 encoding doesn't seem to be loaded.
(pdfcprot)             Maybe you forgot a '\usepackage{textcomp}'. on input lin
e 805.
Package pdfcprot Info: You've requested char protruding for TS1 encoding
(pdfcprot)             but TS1 encoding doesn't seem to be loaded.
(pdfcprot)             Maybe you forgot a '\usepackage{textcomp}'. on input lin
e 805.
)
(/usr/local/texlive/2017/texmf-dist/tex/latex/mdwtools/mdwlist.sty
Package: mdwlist 1996/05/02 1.1 Various list-related things
)
(/usr/local/texlive/2017/texmf-dist/tex/latex/url/url.sty
\Urlmuskip=\muskip17
Package: url 2013/09/16  ver 3.4  Verb mode for urls, etc.
)
(/usr/local/texlive/2017/texmf-dist/tex/latex/natbib/natbib.sty
Package: natbib 2010/09/13 8.31b (PWD, AO)
\bibhang=\skip266
\bibsep=\skip267
LaTeX Info: Redefining \cite on input line 694.
LaTeX Info: Redefining \citeauthor on input line 712.
LaTeX Info: Redefining \citeyear on input line 735.
\c@NAT@ctr=\count341
)
(/usr/local/texlive/2017/texmf-dist/tex/latex/hyperref/hyperref.sty
Package: hyperref 2017/03/14 v6.85a Hypertext links for LaTeX

(/usr/local/texlive/2017/texmf-dist/tex/generic/oberdiek/hobsub-hyperref.sty
Package: hobsub-hyperref 2016/05/16 v1.14 Bundle oberdiek, subset hyperref (HO)


(/usr/local/texlive/2017/texmf-dist/tex/generic/oberdiek/hobsub-generic.sty
Package: hobsub-generic 2016/05/16 v1.14 Bundle oberdiek, subset generic (HO)
Package: hobsub 2016/05/16 v1.14 Construct package bundles (HO)
Package hobsub Info: Skipping package `infwarerr' (already loaded).
Package hobsub Info: Skipping package `ltxcmds' (already loaded).
Package hobsub Info: Skipping package `ifluatex' (already loaded).
Package: ifvtex 2016/05/16 v1.6 Detect VTeX and its facilities (HO)
Package ifvtex Info: VTeX not detected.
Package: intcalc 2016/05/16 v1.2 Expandable calculations with integers (HO)
Package hobsub Info: Skipping package `ifpdf' (already loaded).
Package: etexcmds 2016/05/16 v1.6 Avoid name clashes with e-TeX commands (HO)
Package etexcmds Info: Could not find \expanded.
(etexcmds)             That can mean that you are not using pdfTeX 1.50 or
(etexcmds)             that some package has redefined \expanded.
(etexcmds)             In the latter case, load this package earlier.
Package: kvsetkeys 2016/05/16 v1.17 Key value parser (HO)
Package: kvdefinekeys 2016/05/16 v1.4 Define keys (HO)
Package: pdftexcmds 2017/03/19 v0.25 Utility functions of pdfTeX for LuaTeX (HO
)
Package pdftexcmds Info: LuaTeX not detected.
Package pdftexcmds Info: \pdf@primitive is available.
Package pdftexcmds Info: \pdf@ifprimitive is available.
Package pdftexcmds Info: \pdfdraftmode found.
Package: pdfescape 2016/05/16 v1.14 Implements pdfTeX's escape features (HO)
Package: bigintcalc 2016/05/16 v1.4 Expandable calculations on big integers (HO
)
Package: bitset 2016/05/16 v1.2 Handle bit-vector datatype (HO)
Package: uniquecounter 2016/05/16 v1.3 Provide unlimited unique counter (HO)
)
Package hobsub Info: Skipping package `hobsub' (already loaded).
Package: letltxmacro 2016/05/16 v1.5 Let assignment for LaTeX macros (HO)
Package: hopatch 2016/05/16 v1.3 Wrapper for package hooks (HO)
Package: xcolor-patch 2016/05/16 xcolor patch
Package: atveryend 2016/05/16 v1.9 Hooks at the very end of document (HO)
Package atveryend Info: \enddocument detected (standard20110627).
Package: atbegshi 2016/06/09 v1.18 At begin shipout hook (HO)
Package: refcount 2016/05/16 v3.5 Data extraction from label references (HO)
Package: hycolor 2016/05/16 v1.8 Color options for hyperref/bookmark (HO)
)
(/usr/local/texlive/2017/texmf-dist/tex/latex/oberdiek/auxhook.sty
Package: auxhook 2016/05/16 v1.4 Hooks for auxiliary files (HO)
)
(/usr/local/texlive/2017/texmf-dist/tex/latex/oberdiek/kvoptions.sty
Package: kvoptions 2016/05/16 v3.12 Key value format for package options (HO)
)
\@linkdim=\dimen302
\Hy@linkcounter=\count342
\Hy@pagecounter=\count343

(/usr/local/texlive/2017/texmf-dist/tex/latex/hyperref/pd1enc.def
File: pd1enc.def 2017/03/14 v6.85a Hyperref: PDFDocEncoding definition (HO)
)
\Hy@SavedSpaceFactor=\count344

(/usr/local/texlive/2017/texmf-dist/tex/latex/latexconfig/hyperref.cfg
File: hyperref.cfg 2002/06/06 v1.2 hyperref configuration of TeXLive
)
Package hyperref Info: Option `colorlinks' set `true' on input line 4374.
Package hyperref Info: Option `breaklinks' set `true' on input line 4374.
Package hyperref Info: Hyper figures OFF on input line 4498.
Package hyperref Info: Link nesting OFF on input line 4503.
Package hyperref Info: Hyper index ON on input line 4506.
Package hyperref Info: Plain pages OFF on input line 4513.
Package hyperref Info: Backreferencing ON on input line 4516.
Package hyperref Info: Implicit mode ON; LaTeX internals redefined.
Package hyperref Info: Bookmarks ON on input line 4751.

(/usr/local/texlive/2017/texmf-dist/tex/latex/hyperref/backref.sty
Package: backref 2016/05/21 v1.39 Bibliographical back referencing

(/usr/local/texlive/2017/texmf-dist/tex/latex/oberdiek/rerunfilecheck.sty
Package: rerunfilecheck 2016/05/16 v1.8 Rerun checks for auxiliary files (HO)
Package uniquecounter Info: New unique counter `rerunfilecheck' on input line 2
82.
))
\c@Hy@tempcnt=\count345
LaTeX Info: Redefining \url on input line 5104.
\XeTeXLinkMargin=\dimen303
\Fld@menulength=\count346
\Field@Width=\dimen304
\Fld@charsize=\dimen305
Package hyperref Info: Hyper figures OFF on input line 6358.
Package hyperref Info: Link nesting OFF on input line 6363.
Package hyperref Info: Hyper index ON on input line 6366.
Package hyperref Info: backreferencing ON on input line 6371.
Package hyperref Info: Link coloring ON on input line 6376.
Package hyperref Info: Link coloring with OCG OFF on input line 6383.
Package hyperref Info: PDF/A mode OFF on input line 6388.
LaTeX Info: Redefining \ref on input line 6428.
LaTeX Info: Redefining \pageref on input line 6432.
\Hy@abspage=\count347
\c@Item=\count348
\c@Hfootnote=\count349
)
(/usr/local/texlive/2017/texmf-dist/tex/latex/memoir/memhfixc.sty
Package: memhfixc 2013/05/30 v1.17 nameref/hyperref package fixes for memoir cl
ass
\c@memhycontfloat=\count350
\c@Hpagenote=\count351
)

Package hyperref Message: Driver (autodetected): hpdftex.

(/usr/local/texlive/2017/texmf-dist/tex/latex/hyperref/hpdftex.def
File: hpdftex.def 2017/03/14 v6.85a Hyperref driver for pdfTeX
\Fld@listcount=\count352
\c@bookmark@seq@number=\count353
\Hy@SectionHShift=\skip268
)
Package hyperref Info: Option `hypertexnames' set `true' on input line 105.
\c@@p1totpm=\count354
\c@@pUoCnum=\count355
\c@@p2totpm=\count356
\c@@pgeorgionum=\count357
\c@@p3totpm=\count358
\c@@pUoP3num=\count359

(./proposal.aux (./wp-m1cA.aux

LaTeX Warning: Label `task:wp2task2' multiply defined.

) (./wp-m1cN.aux) (./wp-m2cN.aux

LaTeX Warning: Label `task:wp1task1' multiply defined.


LaTeX Warning: Label `task:wp2task2' multiply defined.


LaTeX Warning: Label `dev:wp1specs' multiply defined.


LaTeX Warning: Label `dev:wp1implementation' multiply defined.


LaTeX Warning: Label `dev:wp1prototype' multiply defined.

) (./wp-opt.aux

LaTeX Warning: Label `task:wp1task1' multiply defined.


LaTeX Warning: Label `task:wp2task2' multiply defined.


LaTeX Warning: Label `dev:wp1specs' multiply defined.


LaTeX Warning: Label `dev:wp1implementation' multiply defined.


LaTeX Warning: Label `dev:wp1prototype' multiply defined.

) (./wp-app.aux

LaTeX Warning: Label `task:wp1task1' multiply defined.


LaTeX Warning: Label `task:wp2task2' multiply defined.


LaTeX Warning: Label `dev:wp1specs' multiply defined.


LaTeX Warning: Label `dev:wp1implementation' multiply defined.


LaTeX Warning: Label `dev:wp1prototype' multiply defined.

) (./wp-mUcN.aux

LaTeX Warning: Label `task:wp1task1' multiply defined.


LaTeX Warning: Label `task:wp2task2' multiply defined.


LaTeX Warning: Label `dev:wp1specs' multiply defined.


LaTeX Warning: Label `dev:wp1implementation' multiply defined.


LaTeX Warning: Label `dev:wp1prototype' multiply defined.

))
\openout1 = `proposal.aux'.

LaTeX Font Info:    Checking defaults for OML/cmm/m/it on input line 158.
LaTeX Font Info:    ... okay on input line 158.
LaTeX Font Info:    Checking defaults for T1/cmr/m/n on input line 158.
LaTeX Font Info:    ... okay on input line 158.
LaTeX Font Info:    Checking defaults for OT1/cmr/m/n on input line 158.
LaTeX Font Info:    ... okay on input line 158.
LaTeX Font Info:    Checking defaults for OMS/cmsy/m/n on input line 158.
LaTeX Font Info:    ... okay on input line 158.
LaTeX Font Info:    Checking defaults for OMX/cmex/m/n on input line 158.
LaTeX Font Info:    ... okay on input line 158.
LaTeX Font Info:    Checking defaults for U/cmr/m/n on input line 158.
LaTeX Font Info:    ... okay on input line 158.
LaTeX Font Info:    Checking defaults for PD1/pdf/m/n on input line 158.
LaTeX Font Info:    ... okay on input line 158.
LaTeX Font Info:    Try loading font information for OT1+pplx on input line 158
.
 (/usr/local/texlive/2017/texmf-dist/tex/latex/psnfss/ot1pplx.fd
File: ot1pplx.fd 2004/09/06 font definitions for OT1/pplx.
)
(/usr/local/texlive/2017/texmf-dist/tex/context/base/mkii/supp-pdf.mkii
[Loading MPS to PDF converter (version 2006.09.02).]
\scratchcounter=\count360
\scratchdimen=\dimen306
\scratchbox=\box65
\nofMPsegments=\count361
\nofMParguments=\count362
\everyMPshowfont=\toks47
\MPscratchCnt=\count363
\MPscratchDim=\dimen307
\MPnumerator=\count364
\makeMPintoPDFobject=\count365
\everyMPtoPDFconversion=\toks48
) (/usr/local/texlive/2017/texmf-dist/tex/latex/oberdiek/epstopdf-base.sty
Package: epstopdf-base 2016/05/15 v2.6 Base part for package epstopdf

(/usr/local/texlive/2017/texmf-dist/tex/latex/oberdiek/grfext.sty
Package: grfext 2016/05/16 v1.2 Manage graphics extensions (HO)
)
Package epstopdf-base Info: Redefining graphics rule for `.eps' on input line 4
38.
Package grfext Info: Graphics extension search list:
(grfext)             [.jpg,.pdf,.mps,.png,.eps]
(grfext)             \AppendGraphicsExtensions on input line 456.

(/usr/local/texlive/2017/texmf-dist/tex/latex/latexconfig/epstopdf-sys.cfg
File: epstopdf-sys.cfg 2010/07/13 v1.3 Configuration of (r)epstopdf for TeX Liv
e
))
\c@maskedRefs=\count366

(/usr/local/texlive/2017/texmf-dist/tex/latex/apacite/english.apc
File: english.apc 2013/07/21 v6.03 apacite language file
LaTeX Info: Redefining \BPBI on input line 129.
LaTeX Info: Redefining \BHBI on input line 130.
)
ABD: EveryShipout initializing macros
LaTeX Font Info:    Font shape `OT1/pplx/bx/n' in size <10.95> not available
(Font)              Font shape `OT1/pplx/b/n' tried instead on input line 158.
LaTeX Font Info:    Font shape `OT1/pplx/bx/n' in size <12> not available
(Font)              Font shape `OT1/pplx/b/n' tried instead on input line 158.
Package pdfcprot Info: I didn't find pplxbxnOT1.cpa.
(pdfcprot)              As a fallback I will try pplmnOT1.cpa. on input line 15
8.

(/usr/local/texlive/2017/texmf-dist/tex/latex/pdfcprot/pplmnOT1.cpa)
Package pdfcprot Info: File pplmnOT1.cpa{} used for the adjustment
(pdfcprot)             of the char protruding. It seems that it isn't the one
(pdfcprot)             you intended to use. on input line 158.
Package pdfcprot Info: I didn't find pplxbxnOT1.cpa.
(pdfcprot)              As a fallback I will try pplmnOT1.cpa. on input line 15
8.
Package pdfcprot Info: File pplmnOT1.cpa{} used for the adjustment
(pdfcprot)             of the char protruding. It seems that it isn't the one
(pdfcprot)             you intended to use. on input line 158.
LaTeX Font Info:    Font shape `OT1/pplx/bx/n' in size <10> not available
(Font)              Font shape `OT1/pplx/b/n' tried instead on input line 158.
Package pdfcprot Info: I didn't find pplxbxnOT1.cpa.
(pdfcprot)              As a fallback I will try pplmnOT1.cpa. on input line 15
8.
Package pdfcprot Info: File pplmnOT1.cpa{} used for the adjustment
(pdfcprot)             of the char protruding. It seems that it isn't the one
(pdfcprot)             you intended to use. on input line 158.
LaTeX Font Info:    Font shape `OT1/pplx/bx/n' in size <9> not available
(Font)              Font shape `OT1/pplx/b/n' tried instead on input line 158.
Package pdfcprot Info: I didn't find pplxbxnOT1.cpa.
(pdfcprot)              As a fallback I will try pplmnOT1.cpa. on input line 15
8.
Package pdfcprot Info: File pplmnOT1.cpa{} used for the adjustment
(pdfcprot)             of the char protruding. It seems that it isn't the one
(pdfcprot)             you intended to use. on input line 158.
Package pdfcprot Info: I didn't find cmssbxnOT1.cpa.
(pdfcprot)              As a fallback I will try pplmnOT1.cpa. on input line 15
8.
Package pdfcprot Info: File pplmnOT1.cpa{} used for the adjustment
(pdfcprot)             of the char protruding. It seems that it isn't the one
(pdfcprot)             you intended to use. on input line 158.
Package pdfcprot Info: I didn't find cmssbxnOT1.cpa.
(pdfcprot)              As a fallback I will try pplmnOT1.cpa. on input line 15
8.
Package pdfcprot Info: File pplmnOT1.cpa{} used for the adjustment
(pdfcprot)             of the char protruding. It seems that it isn't the one
(pdfcprot)             you intended to use. on input line 158.
Package pdfcprot Info: I didn't find cmssbxnOT1.cpa.
(pdfcprot)              As a fallback I will try pplmnOT1.cpa. on input line 15
8.
Package pdfcprot Info: File pplmnOT1.cpa{} used for the adjustment
(pdfcprot)             of the char protruding. It seems that it isn't the one
(pdfcprot)             you intended to use. on input line 158.
Package pdfcprot Info: I didn't find cmssbxnOT1.cpa.
(pdfcprot)              As a fallback I will try pplmnOT1.cpa. on input line 15
8.
Package pdfcprot Info: File pplmnOT1.cpa{} used for the adjustment
(pdfcprot)             of the char protruding. It seems that it isn't the one
(pdfcprot)             you intended to use. on input line 158.
Package pdfcprot Info: I didn't find pplxmnOT1.cpa.
(pdfcprot)              As a fallback I will try pplmnOT1.cpa. on input line 15
8.
Package pdfcprot Info: File pplmnOT1.cpa{} used for the adjustment
(pdfcprot)             of the char protruding. It seems that it isn't the one
(pdfcprot)             you intended to use. on input line 158.
Package pdfcprot Info: I didn't find pplxmnOT1.cpa.
(pdfcprot)              As a fallback I will try pplmnOT1.cpa. on input line 15
8.
Package pdfcprot Info: File pplmnOT1.cpa{} used for the adjustment
(pdfcprot)             of the char protruding. It seems that it isn't the one
(pdfcprot)             you intended to use. on input line 158.
Package pdfcprot Info: I didn't find pplxmnOT1.cpa.
(pdfcprot)              As a fallback I will try pplmnOT1.cpa. on input line 15
8.
Package pdfcprot Info: File pplmnOT1.cpa{} used for the adjustment
(pdfcprot)             of the char protruding. It seems that it isn't the one
(pdfcprot)             you intended to use. on input line 158.
Package pdfcprot Info: I didn't find pplxmnOT1.cpa.
(pdfcprot)              As a fallback I will try pplmnOT1.cpa. on input line 15
8.
Package pdfcprot Info: File pplmnOT1.cpa{} used for the adjustment
(pdfcprot)             of the char protruding. It seems that it isn't the one
(pdfcprot)             you intended to use. on input line 158.
Package pdfcprot Info: I didn't find pplxmitOT1.cpa.
(pdfcprot)              As a fallback I will try pplmnOT1.cpa. on input line 15
8.
Package pdfcprot Info: File pplmnOT1.cpa{} used for the adjustment
(pdfcprot)             of the char protruding. It seems that it isn't the one
(pdfcprot)             you intended to use. on input line 158.
Package pdfcprot Info: I didn't find pplxmitOT1.cpa.
(pdfcprot)              As a fallback I will try pplmnOT1.cpa. on input line 15
8.
Package pdfcprot Info: File pplmnOT1.cpa{} used for the adjustment
(pdfcprot)             of the char protruding. It seems that it isn't the one
(pdfcprot)             you intended to use. on input line 158.
Package pdfcprot Info: I didn't find pplxmitOT1.cpa.
(pdfcprot)              As a fallback I will try pplmnOT1.cpa. on input line 15
8.
Package pdfcprot Info: File pplmnOT1.cpa{} used for the adjustment
(pdfcprot)             of the char protruding. It seems that it isn't the one
(pdfcprot)             you intended to use. on input line 158.
Package pdfcprot Info: I didn't find pplxmitOT1.cpa.
(pdfcprot)              As a fallback I will try pplmnOT1.cpa. on input line 15
8.
Package pdfcprot Info: File pplmnOT1.cpa{} used for the adjustment
(pdfcprot)             of the char protruding. It seems that it isn't the one
(pdfcprot)             you intended to use. on input line 158.
Package pdfcprot Info: I didn't find cmssmnOT1.cpa.
(pdfcprot)              As a fallback I will try pplmnOT1.cpa. on input line 15
8.
Package pdfcprot Info: File pplmnOT1.cpa{} used for the adjustment
(pdfcprot)             of the char protruding. It seems that it isn't the one
(pdfcprot)             you intended to use. on input line 158.
Package pdfcprot Info: I didn't find cmssmnOT1.cpa.
(pdfcprot)              As a fallback I will try pplmnOT1.cpa. on input line 15
8.
Package pdfcprot Info: File pplmnOT1.cpa{} used for the adjustment
(pdfcprot)             of the char protruding. It seems that it isn't the one
(pdfcprot)             you intended to use. on input line 158.
Package pdfcprot Info: I didn't find cmssmnOT1.cpa.
(pdfcprot)              As a fallback I will try pplmnOT1.cpa. on input line 15
8.
Package pdfcprot Info: File pplmnOT1.cpa{} used for the adjustment
(pdfcprot)             of the char protruding. It seems that it isn't the one
(pdfcprot)             you intended to use. on input line 158.
Package pdfcprot Info: I didn't find cmssmnOT1.cpa.
(pdfcprot)              As a fallback I will try pplmnOT1.cpa. on input line 15
8.
Package pdfcprot Info: File pplmnOT1.cpa{} used for the adjustment
(pdfcprot)             of the char protruding. It seems that it isn't the one
(pdfcprot)             you intended to use. on input line 158.


LaTeX Font Warning: Font shape `OT1/cmss/m/it' in size <9> not available
(Font)              Font shape `OT1/cmss/m/sl' tried instead on input line 158.



LaTeX Font Warning: Font shape `OT1/cmss/m/it' in size <12> not available
(Font)              Font shape `OT1/cmss/m/sl' tried instead on input line 158.


Package pdfcprot Info: I didn't find cmssmitOT1.cpa.
(pdfcprot)              As a fallback I will try pplmnOT1.cpa. on input line 15
8.
Package pdfcprot Info: File pplmnOT1.cpa{} used for the adjustment
(pdfcprot)             of the char protruding. It seems that it isn't the one
(pdfcprot)             you intended to use. on input line 158.

LaTeX Font Warning: Font shape `OT1/cmss/m/it' in size <10.95> not available
(Font)              Font shape `OT1/cmss/m/sl' tried instead on input line 158.


Package pdfcprot Info: I didn't find cmssmitOT1.cpa.
(pdfcprot)              As a fallback I will try pplmnOT1.cpa. on input line 15
8.
Package pdfcprot Info: File pplmnOT1.cpa{} used for the adjustment
(pdfcprot)             of the char protruding. It seems that it isn't the one
(pdfcprot)             you intended to use. on input line 158.

LaTeX Font Warning: Font shape `OT1/cmss/m/it' in size <10> not available
(Font)              Font shape `OT1/cmss/m/sl' tried instead on input line 158.


Package pdfcprot Info: I didn't find cmssmitOT1.cpa.
(pdfcprot)              As a fallback I will try pplmnOT1.cpa. on input line 15
8.
Package pdfcprot Info: File pplmnOT1.cpa{} used for the adjustment
(pdfcprot)             of the char protruding. It seems that it isn't the one
(pdfcprot)             you intended to use. on input line 158.
Package pdfcprot Info: I didn't find cmssmitOT1.cpa.
(pdfcprot)              As a fallback I will try pplmnOT1.cpa. on input line 15
8.
Package pdfcprot Info: File pplmnOT1.cpa{} used for the adjustment
(pdfcprot)             of the char protruding. It seems that it isn't the one
(pdfcprot)             you intended to use. on input line 158.
Package pdfcprot Info: I didn't find cmssmslOT1.cpa.
(pdfcprot)              As a fallback I will try pplmnOT1.cpa. on input line 15
8.
Package pdfcprot Info: File pplmnOT1.cpa{} used for the adjustment
(pdfcprot)             of the char protruding. It seems that it isn't the one
(pdfcprot)             you intended to use. on input line 158.
Package pdfcprot Info: I didn't find cmssmslOT1.cpa.
(pdfcprot)              As a fallback I will try pplmnOT1.cpa. on input line 15
8.
Package pdfcprot Info: File pplmnOT1.cpa{} used for the adjustment
(pdfcprot)             of the char protruding. It seems that it isn't the one
(pdfcprot)             you intended to use. on input line 158.
Package pdfcprot Info: I didn't find cmssmslOT1.cpa.
(pdfcprot)              As a fallback I will try pplmnOT1.cpa. on input line 15
8.
Package pdfcprot Info: File pplmnOT1.cpa{} used for the adjustment
(pdfcprot)             of the char protruding. It seems that it isn't the one
(pdfcprot)             you intended to use. on input line 158.
Package pdfcprot Info: I didn't find cmssmslOT1.cpa.
(pdfcprot)              As a fallback I will try pplmnOT1.cpa. on input line 15
8.
Package pdfcprot Info: File pplmnOT1.cpa{} used for the adjustment
(pdfcprot)             of the char protruding. It seems that it isn't the one
(pdfcprot)             you intended to use. on input line 158.
\AtBeginShipoutBox=\box66
Package backref Info: ** backref set up for natbib ** on input line 158.
Package hyperref Info: Link coloring ON on input line 158.
(/usr/local/texlive/2017/texmf-dist/tex/latex/hyperref/nameref.sty
Package: nameref 2016/05/21 v2.44 Cross-referencing by name of section

(/usr/local/texlive/2017/texmf-dist/tex/generic/oberdiek/gettitlestring.sty
Package: gettitlestring 2016/05/16 v1.5 Cleanup title references (HO)
)
\c@section@level=\count367
)
Redoing nameref's sectioning
Redoing nameref's label
LaTeX Info: Redefining \nameref on input line 158.
LaTeX Info: Redefining \ref on input line 158.
LaTeX Info: Redefining \pageref on input line 158.
LaTeX Info: Redefining \nameref on input line 158.
(./proposal.out) (./proposal.out)
\@outlinefile=\write20
\openout4 = `proposal.out'.

LaTeX Font Info:    Try loading font information for OML+zplm on input line 161
.

(/usr/local/texlive/2017/texmf-dist/tex/latex/psnfss/omlzplm.fd
File: omlzplm.fd 2002/09/08 Fontinst v1.914 font definitions for OML/zplm.
)
LaTeX Font Info:    Try loading font information for OMS+zplm on input line 161
.

(/usr/local/texlive/2017/texmf-dist/tex/latex/psnfss/omszplm.fd
File: omszplm.fd 2002/09/08 Fontinst v1.914 font definitions for OMS/zplm.
)
LaTeX Font Info:    Try loading font information for OMX+zplm on input line 161
.

(/usr/local/texlive/2017/texmf-dist/tex/latex/psnfss/omxzplm.fd
File: omxzplm.fd 2002/09/08 Fontinst v1.914 font definitions for OMX/zplm.
)
LaTeX Font Info:    Font shape `U/msa/m/n' will be
(Font)              scaled to size 18.00587pt on input line 161.
LaTeX Font Info:    Font shape `U/msa/m/n' will be
(Font)              scaled to size 12.50409pt on input line 161.
LaTeX Font Info:    Font shape `U/msa/m/n' will be
(Font)              scaled to size 10.42007pt on input line 161.
LaTeX Font Info:    Font shape `U/msb/m/n' will be
(Font)              scaled to size 18.00587pt on input line 161.
LaTeX Font Info:    Font shape `U/msb/m/n' will be
(Font)              scaled to size 12.50409pt on input line 161.
LaTeX Font Info:    Font shape `U/msb/m/n' will be
(Font)              scaled to size 10.42007pt on input line 161.
LaTeX Font Info:    Try loading font information for OT1+zplm on input line 161
.

(/usr/local/texlive/2017/texmf-dist/tex/latex/psnfss/ot1zplm.fd
File: ot1zplm.fd 2002/09/08 Fontinst v1.914 font definitions for OT1/zplm.
)
LaTeX Font Info:    Try loading font information for U+rsfs on input line 161.

(/usr/local/texlive/2017/texmf-dist/tex/latex/jknapltx/ursfs.fd
File: ursfs.fd 1998/03/24 rsfs font definition file (jk)
)
(./abstract.tex
Missing character: There is no  in font pplr9t!
Missing character: There is no  in font pplr9t!
Missing character: There is no  in font pplr9t!
Missing character: There is no  in font pplr9t!
Missing character: There is no  in font pplr9t!
Missing character: There is no  in font pplr9t!
Missing character: There is no  in font pplr9t!
Missing character: There is no  in font pplr9t!
Missing character: There is no  in font pplr9t!
)
Underfull \vbox (badness 10000) has occurred while \output is active []

\openout4 = `proposal.mw'.

 [1

{/usr/local/texlive/2017/texmf-var/fonts/map/pdftex/updmap/pdftex.map}] (./prop
osal.mw)
\openout4 = `proposal.mw'.

(./implementation.tex
LaTeX Font Info:    Font shape `OT1/pplx/bx/n' in size <14.4> not available
(Font)              Font shape `OT1/pplx/b/n' tried instead on input line 1.
 <diagram.jpg, id=50, 1393.205pt x 611.28375pt>
File: diagram.jpg Graphic file (type jpg)

<use diagram.jpg>
Package pdftex.def Info: diagram.jpg used on input line 7.
(pdftex.def)             Requested size: 490.0pt x 214.98785pt.
 (./wp-data.tex
\c@@wp1totpm=\count368
\c@@wp1tottk=\count369
\openout4 = `proposal.mw'.

 [2 <./diagram.jpg>] (./proposal.mw)
\openout4 = `proposal.mw'.

\openout4 = `proposal.mw'.

\openout4 = `proposal.mw'.

\openout4 = `proposal.mw'.

\openout4 = `proposal.mw'.

\openout4 = `proposal.mw'.

\openout4 = `proposal.mw'.

\c@@tk1WP=\count370
\c@@tk1T=\count371
\c@@tk2WP=\count372
\c@@tk2T=\count373


LaTeX Warning: Reference `task:wp1test' on page 3 undefined on input line 49.

\c@@tk3WP=\count374
\c@@tk3T=\count375
\c@@deliv1date=\count376
\c@@deliv1WP=\count377
\c@@deliv1N=\count378
\c@@deliv1D=\count379
\c@@deliv2date=\count380
\c@@deliv2WP=\count381
\c@@deliv2N=\count382
\c@@deliv2D=\count383
\c@@deliv3date=\count384
\c@@deliv3WP=\count385
\c@@deliv3N=\count386
\c@@deliv3D=\count387
)
\openout4 = `proposal.mw'.

 [3] (./proposal.mw)
\openout4 = `proposal.mw'.

\openout2 = `wp-m1cA.aux'.

 (./wp-m1cA.tex
\c@@wp2totpm=\count388
\c@@wp2tottk=\count389
LaTeX Font Info:    Try loading font information for OMS+cmtt on input line 40.

LaTeX Font Info:    No file OMScmtt.fd. on input line 40.


LaTeX Font Warning: Font shape `OMS/cmtt/m/n' undefined
(Font)              using `OMS/cmsy/m/n' instead
(Font)              for symbol `textbackslash' on input line 40.

pdfTeX warning (ext4): destination with the same identifier (name{@wptask.1}) h
as been already used, duplicate ignored
<to be read again> 
                   \relax 
l.45     }
          
\c@@tk4WP=\count390
\c@@tk4T=\count391
pdfTeX warning (ext4): destination with the same identifier (name{@wptask.2}) h
as been already used, duplicate ignored
<to be read again> 
                   \relax 
l.49     }
          
\c@@tk5WP=\count392
\c@@tk5T=\count393


LaTeX Warning: Reference `task:wp2test' on page 4 undefined on input line 49.

pdfTeX warning (ext4): destination with the same identifier (name{@wptask.3}) h
as been already used, duplicate ignored
<to be read again> 
                   \relax 
l.52     }
          
\c@@tk6WP=\count394
\c@@tk6T=\count395
pdfTeX warning (ext4): destination with the same identifier (name{@wpdeliv.1}) 
has been already used, duplicate ignored
<to be read again> 
                   \relax 
l.73       specifications.}
                           \label{dev:wp2specs}
\c@@deliv4date=\count396
\c@@deliv4WP=\count397
\c@@deliv4N=\count398
\c@@deliv4D=\count399
pdfTeX warning (ext4): destination with the same identifier (name{@wpdeliv.2}) 
has been already used, duplicate ignored
<to be read again> 
                   \relax 
l.76       implementation.}
                           \label{dev:wp2implementation}
\c@@deliv5date=\count400
\c@@deliv5WP=\count401
\c@@deliv5N=\count402
\c@@deliv5D=\count403
pdfTeX warning (ext4): destination with the same identifier (name{@wpdeliv.3}) 
has been already used, duplicate ignored
<to be read again> 
                   \relax 
l.79       implementation.}
                           \label{dev:wp2prototype}
\c@@deliv6date=\count404
\c@@deliv6WP=\count405
\c@@deliv6N=\count406
\c@@deliv6D=\count407
)
\openout4 = `proposal.mw'.

 [4

] (./proposal.mw)
\openout4 = `proposal.mw'.

\openout2 = `wp-m1cN.aux'.


(./wp-m1cN.tex
\c@@wp3totpm=\count408
\c@@wp3tottk=\count409
pdfTeX warning (ext4): destination with the same identifier (name{@wptask.1}) h
as been already used, duplicate ignored
<to be read again> 
                   \relax 
l.47     }
          
\c@@tk7WP=\count410
\c@@tk7T=\count411
pdfTeX warning (ext4): destination with the same identifier (name{@wptask.2}) h
as been already used, duplicate ignored
<to be read again> 
                   \relax 
l.51     }
          
\c@@tk8WP=\count412
\c@@tk8T=\count413
pdfTeX warning (ext4): destination with the same identifier (name{@wptask.3}) h
as been already used, duplicate ignored
<to be read again> 
                   \relax 
l.54     }
          
\c@@tk9WP=\count414
\c@@tk9T=\count415
pdfTeX warning (ext4): destination with the same identifier (name{@wpdeliv.1}) 
has been already used, duplicate ignored
<to be read again> 
                   \relax 
l.79       specifications.}
                           \label{dev:wp3specs}
\c@@deliv7date=\count416
\c@@deliv7WP=\count417
\c@@deliv7N=\count418
\c@@deliv7D=\count419
pdfTeX warning (ext4): destination with the same identifier (name{@wpdeliv.2}) 
has been already used, duplicate ignored
<to be read again> 
                   \relax 
l.82       implementation.}
                           \label{dev:wp3implementation}
\c@@deliv8date=\count420
\c@@deliv8WP=\count421
\c@@deliv8N=\count422
\c@@deliv8D=\count423
pdfTeX warning (ext4): destination with the same identifier (name{@wpdeliv.3}) 
has been already used, duplicate ignored
<to be read again> 
                   \relax 
l.85       implementation.}
                           \label{dev:wp3prototype}
\c@@deliv9date=\count424
\c@@deliv9WP=\count425
\c@@deliv9N=\count426
\c@@deliv9D=\count427
)
\openout4 = `proposal.mw'.

 [5


] (./proposal.mw)
\openout4 = `proposal.mw'.

\openout2 = `wp-m2cN.aux'.


(./wp-m2cN.tex
\c@@wp4totpm=\count428
\c@@wp4tottk=\count429
pdfTeX warning (ext4): destination with the same identifier (name{@wptask.1}) h
as been already used, duplicate ignored
<to be read again> 
                   \relax 
l.43     }
          
\c@@tk10WP=\count430
\c@@tk10T=\count431
pdfTeX warning (ext4): destination with the same identifier (name{@wptask.2}) h
as been already used, duplicate ignored
<to be read again> 
                   \relax 
l.47     }
          
\c@@tk11WP=\count432
\c@@tk11T=\count433


LaTeX Warning: Reference `task:wp1test' on page 6 undefined on input line 47.

pdfTeX warning (ext4): destination with the same identifier (name{@wptask.3}) h
as been already used, duplicate ignored
<to be read again> 
                   \relax 
l.51     }
          
\c@@tk12WP=\count434
\c@@tk12T=\count435
pdfTeX warning (ext4): destination with the same identifier (name{@wpdeliv.1}) 
has been already used, duplicate ignored
<to be read again> 
                   \relax 
l.72       specifications.}
                           \label{dev:wp1specs}
\c@@deliv10date=\count436
\c@@deliv10WP=\count437
\c@@deliv10N=\count438
\c@@deliv10D=\count439
pdfTeX warning (ext4): destination with the same identifier (name{@wpdeliv.2}) 
has been already used, duplicate ignored
<to be read again> 
                   \relax 
l.75       implementation.}
                           \label{dev:wp1implementation}
\c@@deliv11date=\count440
\c@@deliv11WP=\count441
\c@@deliv11N=\count442
\c@@deliv11D=\count443
pdfTeX warning (ext4): destination with the same identifier (name{@wpdeliv.3}) 
has been already used, duplicate ignored
<to be read again> 
                   \relax 
l.78       implementation.}
                           \label{dev:wp1prototype}
\c@@deliv12date=\count444
\c@@deliv12WP=\count445
\c@@deliv12N=\count446
\c@@deliv12D=\count447
)
\openout4 = `proposal.mw'.

 [6


] (./proposal.mw)
\openout4 = `proposal.mw'.

\openout2 = `wp-opt.aux'.


(./wp-opt.tex
\c@@wp5totpm=\count448
\c@@wp5tottk=\count449
pdfTeX warning (ext4): destination with the same identifier (name{@wptask.1}) h
as been already used, duplicate ignored
<to be read again> 
                   \relax 
l.43     }
          
\c@@tk13WP=\count450
\c@@tk13T=\count451
pdfTeX warning (ext4): destination with the same identifier (name{@wptask.2}) h
as been already used, duplicate ignored
<to be read again> 
                   \relax 
l.47     }
          
\c@@tk14WP=\count452
\c@@tk14T=\count453


LaTeX Warning: Reference `task:wp1test' on page 7 undefined on input line 47.

pdfTeX warning (ext4): destination with the same identifier (name{@wptask.3}) h
as been already used, duplicate ignored
<to be read again> 
                   \relax 
l.51     }
          
\c@@tk15WP=\count454
\c@@tk15T=\count455
pdfTeX warning (ext4): destination with the same identifier (name{@wpdeliv.1}) 
has been already used, duplicate ignored
<to be read again> 
                   \relax 
l.72       specifications.}
                           \label{dev:wp1specs}
\c@@deliv13date=\count456
\c@@deliv13WP=\count457
\c@@deliv13N=\count458
\c@@deliv13D=\count459
pdfTeX warning (ext4): destination with the same identifier (name{@wpdeliv.2}) 
has been already used, duplicate ignored
<to be read again> 
                   \relax 
l.75       implementation.}
                           \label{dev:wp1implementation}
\c@@deliv14date=\count460
\c@@deliv14WP=\count461
\c@@deliv14N=\count462
\c@@deliv14D=\count463
pdfTeX warning (ext4): destination with the same identifier (name{@wpdeliv.3}) 
has been already used, duplicate ignored
<to be read again> 
                   \relax 
l.78       implementation.}
                           \label{dev:wp1prototype}
\c@@deliv15date=\count464
\c@@deliv15WP=\count465
\c@@deliv15N=\count466
\c@@deliv15D=\count467
)
\openout4 = `proposal.mw'.

 [7


] (./proposal.mw)
\openout4 = `proposal.mw'.

\openout2 = `wp-app.aux'.


(./wp-app.tex
\c@@wp6totpm=\count468
\c@@wp6tottk=\count469
pdfTeX warning (ext4): destination with the same identifier (name{@wptask.1}) h
as been already used, duplicate ignored
<to be read again> 
                   \relax 
l.44     }
          
\c@@tk16WP=\count470
\c@@tk16T=\count471
pdfTeX warning (ext4): destination with the same identifier (name{@wptask.2}) h
as been already used, duplicate ignored
<to be read again> 
                   \relax 
l.48     }
          
\c@@tk17WP=\count472
\c@@tk17T=\count473


LaTeX Warning: Reference `task:wp1test' on page 8 undefined on input line 48.

pdfTeX warning (ext4): destination with the same identifier (name{@wptask.3}) h
as been already used, duplicate ignored
<to be read again> 
                   \relax 
l.52     }
          
\c@@tk18WP=\count474
\c@@tk18T=\count475
pdfTeX warning (ext4): destination with the same identifier (name{@wpdeliv.1}) 
has been already used, duplicate ignored
<to be read again> 
                   \relax 
l.73       specifications.}
                           \label{dev:wp1specs}
\c@@deliv16date=\count476
\c@@deliv16WP=\count477
\c@@deliv16N=\count478
\c@@deliv16D=\count479
pdfTeX warning (ext4): destination with the same identifier (name{@wpdeliv.2}) 
has been already used, duplicate ignored
<to be read again> 
                   \relax 
l.76       implementation.}
                           \label{dev:wp1implementation}
\c@@deliv17date=\count480
\c@@deliv17WP=\count481
\c@@deliv17N=\count482
\c@@deliv17D=\count483
pdfTeX warning (ext4): destination with the same identifier (name{@wpdeliv.3}) 
has been already used, duplicate ignored
<to be read again> 
                   \relax 
l.79       implementation.}
                           \label{dev:wp1prototype}
\c@@deliv18date=\count484
\c@@deliv18WP=\count485
\c@@deliv18N=\count486
\c@@deliv18D=\count487
)
\openout4 = `proposal.mw'.

 [8


] (./proposal.mw)
\openout4 = `proposal.mw'.

\openout2 = `wp-mUcN.aux'.


(./wp-mUcN.tex
\c@@wp7totpm=\count488
\c@@wp7tottk=\count489
pdfTeX warning (ext4): destination with the same identifier (name{@wptask.1}) h
as been already used, duplicate ignored
<to be read again> 
                   \relax 
l.46     }
          
\c@@tk19WP=\count490
\c@@tk19T=\count491
pdfTeX warning (ext4): destination with the same identifier (name{@wptask.2}) h
as been already used, duplicate ignored
<to be read again> 
                   \relax 
l.50     }
          
\c@@tk20WP=\count492
\c@@tk20T=\count493


LaTeX Warning: Reference `task:wp1test' on page 9 undefined on input line 50.

pdfTeX warning (ext4): destination with the same identifier (name{@wptask.3}) h
as been already used, duplicate ignored
<to be read again> 
                   \relax 
l.54     }
          
\c@@tk21WP=\count494
\c@@tk21T=\count495
pdfTeX warning (ext4): destination with the same identifier (name{@wpdeliv.1}) 
has been already used, duplicate ignored
<to be read again> 
                   \relax 
l.75       specifications.}
                           \label{dev:wp1specs}
\c@@deliv19date=\count496
\c@@deliv19WP=\count497
\c@@deliv19N=\count498
\c@@deliv19D=\count499
pdfTeX warning (ext4): destination with the same identifier (name{@wpdeliv.2}) 
has been already used, duplicate ignored
<to be read again> 
                   \relax 
l.78       implementation.}
                           \label{dev:wp1implementation}
\c@@deliv20date=\count500
\c@@deliv20WP=\count501
\c@@deliv20N=\count502
\c@@deliv20D=\count503
pdfTeX warning (ext4): destination with the same identifier (name{@wpdeliv.3}) 
has been already used, duplicate ignored
<to be read again> 
                   \relax 
l.81       implementation.}
                           \label{dev:wp1prototype}
\c@@deliv21date=\count504
\c@@deliv21WP=\count505
\c@@deliv21N=\count506
\c@@deliv21D=\count507
)
\openout4 = `proposal.mw'.

 [9


] (./proposal.mw)
\openout4 = `proposal.mw'.


(./proposal.lwp
Underfull \hbox (badness 10000) in paragraph at lines 4--4
[]|\OT1/pplx/b/n/10.95 Work
 []


Underfull \hbox (badness 10000) in paragraph at lines 4--4
\OT1/pplx/b/n/10.95 pack-age
 []


Underfull \hbox (badness 10000) in paragraph at lines 4--4
[]|\OT1/pplx/b/n/10.95 Lead
 []


Underfull \hbox (badness 10000) in paragraph at lines 4--4
\OT1/pplx/b/n/10.95 par-tic-
 []


Underfull \hbox (badness 10000) in paragraph at lines 4--4
\OT1/pplx/b/n/10.95 i-pant
 []


Underfull \hbox (badness 1448) in paragraph at lines 4--4
[]|\OT1/pplx/b/n/10.95 Lead par-tic-i-
 []


Underfull \hbox (badness 10000) in paragraph at lines 4--4
[]|\OT1/pplx/b/n/10.95 Person-
 []


Underfull \hbox (badness 10000) in paragraph at lines 4--4
[]|\OT1/pplx/b/n/10.95 Start
 []


Underfull \hbox (badness 10000) in paragraph at lines 4--4
[]|\OT1/pplx/b/n/10.95 End
 []


Overfull \hbox (2.34984pt too wide) in alignment at lines 1--4
 [] [] [] [] [] [] [] 
 []


Overfull \hbox (2.34984pt too wide) in alignment at lines 4--5
 [] [] [] [] [] [] [] 
 []


Overfull \hbox (2.34984pt too wide) in alignment at lines 5--6
 [] [] [] [] [] [] [] 
 []


Underfull \hbox (badness 3746) in paragraph at lines 20--20
[]|\OT1/pplx/m/n/10.95 Universal Model, n Com-
 []


Overfull \hbox (2.34984pt too wide) in alignment at lines 6--22
 [] [] [] [] [] [] [] 
 []


Underfull \vbox (badness 10000) detected at line 22
 []

)
LaTeX Font Info:    Font shape `U/msa/m/n' will be
(Font)              scaled to size 9.37807pt on input line 37.
LaTeX Font Info:    Font shape `U/msa/m/n' will be
(Font)              scaled to size 7.29405pt on input line 37.
LaTeX Font Info:    Font shape `U/msa/m/n' will be
(Font)              scaled to size 5.21004pt on input line 37.
LaTeX Font Info:    Font shape `U/msb/m/n' will be
(Font)              scaled to size 9.37807pt on input line 37.
LaTeX Font Info:    Font shape `U/msb/m/n' will be
(Font)              scaled to size 7.29405pt on input line 37.
LaTeX Font Info:    Font shape `U/msb/m/n' will be
(Font)              scaled to size 5.21004pt on input line 37.
 (./proposal.ldl
Underfull \hbox (badness 10000) in paragraph at lines 4--4
[]|\OT1/pplx/b/n/10.95 Delive-
 []


Underfull \hbox (badness 10000) in paragraph at lines 4--4
\OT1/pplx/b/n/10.95 rable
 []


Underfull \hbox (badness 10000) in paragraph at lines 4--4
\OT1/pplx/b/n/10.95 num-
 []


Underfull \hbox (badness 10000) in paragraph at lines 4--4
[]|\OT1/pplx/b/n/10.95 WP
 []


Underfull \hbox (badness 1087) in paragraph at lines 4--4
[]|\OT1/pplx/b/n/10.95 Lead par-
 []


Underfull \hbox (badness 10000) in paragraph at lines 4--4
\OT1/pplx/b/n/10.95 tic-i-pant
 []


Underfull \hbox (badness 10000) in paragraph at lines 4--4
[]|\OT1/pplx/b/n/10.95 Na-
 []


Underfull \hbox (badness 10000) in paragraph at lines 4--4
\OT1/pplx/b/n/10.95 tu-
 []


Underfull \hbox (badness 10000) in paragraph at lines 4--4
[]|\OT1/pplx/b/n/10.95 Disse-
 []


Underfull \hbox (badness 10000) in paragraph at lines 4--4
\OT1/pplx/b/n/10.95 mina-
 []


Underfull \hbox (badness 10000) in paragraph at lines 4--4
\OT1/pplx/b/n/10.95 tion
 []


Overfull \hbox (5.2559pt too wide) in paragraph at lines 4--4
[]|\OT1/pplx/b/n/10.95 Delivery
 []


Underfull \hbox (badness 10000) in paragraph at lines 4--4
\OT1/pplx/b/n/10.95 date
 []


Underfull \hbox (badness 10000) in paragraph at lines 4--4
\OT1/pplx/b/n/10.95 (proj.
 []


Overfull \hbox (2.34981pt too wide) in alignment at lines 1--4
 [] [] [] [] [] [] [] 
 []


Overfull \hbox (2.34981pt too wide) in alignment at lines 4--5
 [] [] [] [] [] [] [] 
 []


Overfull \hbox (2.34981pt too wide) in alignment at lines 5--6
 [] [] [] [] [] [] [] 
 []


Overfull \hbox (1.13878pt too wide) in paragraph at lines 8--8
[]|\OT1/pplx/m/n/10.95 WP1| 
 []


Overfull \hbox (1.13878pt too wide) in paragraph at lines 10--10
[]|\OT1/pplx/m/n/10.95 WP2| 
 []


Overfull \hbox (1.13878pt too wide) in paragraph at lines 12--12
[]|\OT1/pplx/m/n/10.95 WP3| 
 []


Overfull \hbox (1.13878pt too wide) in paragraph at lines 14--14
[]|\OT1/pplx/m/n/10.95 WP4| 
 []


Overfull \hbox (1.13878pt too wide) in paragraph at lines 16--16
[]|\OT1/pplx/m/n/10.95 WP5| 
 []


Overfull \hbox (1.13878pt too wide) in paragraph at lines 18--18
[]|\OT1/pplx/m/n/10.95 WP6| 
 []


Overfull \hbox (1.13878pt too wide) in paragraph at lines 20--20
[]|\OT1/pplx/m/n/10.95 WP7| 
 []


Overfull \hbox (1.13878pt too wide) in paragraph at lines 22--22
[]|\OT1/pplx/m/n/10.95 WP1| 
 []


Overfull \hbox (1.13878pt too wide) in paragraph at lines 24--24
[]|\OT1/pplx/m/n/10.95 WP2| 
 []


Overfull \hbox (1.13878pt too wide) in paragraph at lines 26--26
[]|\OT1/pplx/m/n/10.95 WP3| 
 []


Overfull \hbox (1.13878pt too wide) in paragraph at lines 28--28
[]|\OT1/pplx/m/n/10.95 WP4| 
 []


Overfull \hbox (1.13878pt too wide) in paragraph at lines 30--30
[]|\OT1/pplx/m/n/10.95 WP5| 
 []


Overfull \hbox (1.13878pt too wide) in paragraph at lines 32--32
[]|\OT1/pplx/m/n/10.95 WP6| 
 []


Overfull \hbox (1.13878pt too wide) in paragraph at lines 34--34
[]|\OT1/pplx/m/n/10.95 WP7| 
 []


Overfull \hbox (1.13878pt too wide) in paragraph at lines 36--36
[]|\OT1/pplx/m/n/10.95 WP1| 
 []


Overfull \hbox (1.13878pt too wide) in paragraph at lines 38--38
[]|\OT1/pplx/m/n/10.95 WP2| 
 []


Overfull \hbox (1.13878pt too wide) in paragraph at lines 40--40
[]|\OT1/pplx/m/n/10.95 WP3| 
 []


Overfull \hbox (1.13878pt too wide) in paragraph at lines 42--42
[]|\OT1/pplx/m/n/10.95 WP4| 
 []


Overfull \hbox (1.13878pt too wide) in paragraph at lines 44--44
[]|\OT1/pplx/m/n/10.95 WP5| 
 []


Overfull \hbox (1.13878pt too wide) in paragraph at lines 46--46
[]|\OT1/pplx/m/n/10.95 WP6| 
 []


Overfull \hbox (2.34981pt too wide) in alignment at lines 6--47
 [] [] [] [] [] [] [] 
 []


Underfull \vbox (badness 10000) detected at line 47
 []


Overfull \hbox (1.13878pt too wide) in paragraph at lines 48--48
[]|\OT1/pplx/m/n/10.95 WP7| 
 []


Overfull \hbox (2.34981pt too wide) in alignment at lines 47--50
 [] [] [] [] [] [] [] 
 []

\openout4 = `proposal.mw'.

[10

] (./proposal.mw)
\openout4 = `proposal.mw'.

) (./proposal.lms
Underfull \hbox (badness 10000) in paragraph at lines 4--4
[]|\OT1/pplx/b/n/10.95 Milestone
 []


Underfull \hbox (badness 10000) in paragraph at lines 4--4
[]|\OT1/pplx/b/n/10.95 Related
 []


Underfull \hbox (badness 10000) in paragraph at lines 4--4
[]|\OT1/pplx/b/n/10.95 Estimated
 []


Underfull \hbox (badness 2150) in paragraph at lines 4--4
[]|\OT1/pplx/b/n/10.95 Means of ver-i-fi-ca-
 []


Overfull \hbox (4.92484pt too wide) in alignment at lines 1--4
 [] [] [] [] [] 
 []


Overfull \hbox (4.92484pt too wide) in alignment at lines 4--5
 [] [] [] [] [] 
 []


Overfull \hbox (4.92484pt too wide) in alignment at lines 5--6
 [] [] [] [] [] 
 []


Underfull \hbox (badness 10000) in paragraph at lines 8--9
[]|\OT1/pplx/m/n/10.95 Software re-leased
 []


LaTeX Warning: Reference `wp:test' on page 11 undefined on input line 10.


Underfull \hbox (badness 5133) in paragraph at lines 10--11
[]|\OT1/pplx/m/n/10.95 Application of re-
 []


Overfull \hbox (4.92484pt too wide) in alignment at lines 6--12
 [] [] [] [] [] 
 []


Underfull \vbox (badness 10000) detected at line 12
 []

) (./proposal.lrk
Overfull \hbox (7.49985pt too wide) in alignment at lines 1--4
 [] [] [] 
 []


Overfull \hbox (7.49985pt too wide) in alignment at lines 4--5
 [] [] [] 
 []


Overfull \hbox (7.49985pt too wide) in alignment at lines 5--6
 [] [] [] 
 []


LaTeX Warning: Reference `wp:test' on page 11 undefined on input line 8.


Overfull \hbox (7.49985pt too wide) in alignment at lines 6--10
 [] [] [] 
 []


Underfull \vbox (badness 10000) detected at line 10
 []

pdfTeX warning (ext4): destination with the same identifier (name{table.1.2}) h
as been already used, duplicate ignored
<to be read again> 
                   \relax 
l.10 \end {longtable}
                     ) (./proposal.lse
Underfull \hbox (badness 10000) in paragraph at lines 54--54
[]|\OT1/pplx/b/n/10.95 Partic. short
 []

)
Missing character: There is no  in font pplb9t!
Missing character: There is no  in font pplb9t!
Missing character: There is no  in font pplb9t!
Missing character: There is no  in font pplb9t!
Missing character: There is no  in font pplb9t!
Missing character: There is no  in font pplb9t!
\c@@dctpnum1=\count508
\c@@dcepnum1=\count509
\c@@dcopnum1=\count510
\c@@dcopnum2=\count511

Underfull \hbox (badness 10000) in paragraph at lines 139--139
[]|\OT1/pplx/b/n/10.95 Cost
 []


Underfull \hbox (badness 10000) in paragraph at lines 139--139

 []


Underfull \vbox (badness 10000) has occurred while \output is active []

\openout4 = `proposal.mw'.

 [11]
(./proposal.mw)
\openout4 = `proposal.mw'.

\openout4 = `proposal.mw'.

\openout4 = `proposal.mw'.


Underfull \hbox (badness 10000) in paragraph at lines 139--139
[]|\OT1/pplx/b/n/10.95 Cost
 []


Underfull \hbox (badness 10000) in paragraph at lines 139--139

 []

\c@@lripnum3=\count512
\c@@lripnum1=\count513

Underfull \hbox (badness 10000) in paragraph at lines 150--150
[]|\OT1/pplx/b/n/10.95 Cost
 []


Underfull \hbox (badness 10000) in paragraph at lines 150--150
[]|\OT1/pplx/b/n/10.95 Cost
 []

)
Underfull \hbox (badness 10000) in paragraph at lines 150--174

 []

No file proposal.bbl.
\openout4 = `proposal.mw'.

[12pdfTeX warning (ext4): destination with the same identifier (name{table.1.1}
) has been already used, duplicate ignored

\__morewrites_shipout_ii: ...rewrites_shipout_box 
                                                  \__morewrites_after_shipout: 
l.178 \clearpage
                ] (./proposal.mw)
\openout4 = `proposal.mw'.

\openout4 = `proposal.mw'.

\openout4 = `proposal.mw'.

\openout4 = `proposal.mw'.

\openout4 = `proposal.mw'.

 (./ethics.tex) (./appendix.tex)
\openout4 = `proposal.mw'.

 [13

]
(./proposal.mw)
\openout4 = `proposal.mw'.

\openout4 = `proposal.mw'.

\openout4 = `proposal.mw'.

\openout4 = `proposal.mw'.

\openout4 = `proposal.mw'.

\openout4 = `proposal.mw'.

\openout4 = `proposal.mw'.

\wplistfile=\write21
\openout4 = `proposal.lwp'.

\openout4 = `proposal.mw'.

\openout4 = `proposal.mw'.

\openout4 = `proposal.mw'.

\openout4 = `proposal.mw'.

\openout4 = `proposal.mw'.

\openout4 = `proposal.mw'.

\openout4 = `proposal.mw'.

\openout4 = `proposal.mw'.

\openout4 = `proposal.mw'.

\openout4 = `proposal.mw'.

\openout4 = `proposal.mw'.

\openout4 = `proposal.mw'.

\openout4 = `proposal.mw'.

\openout4 = `proposal.mw'.

\openout4 = `proposal.mw'.

\openout4 = `proposal.mw'.

\openout4 = `proposal.mw'.

\openout4 = `proposal.mw'.

\openout4 = `proposal.mw'.

\openout4 = `proposal.mw'.

\openout4 = `proposal.mw'.

\openout4 = `proposal.mw'.

\openout4 = `proposal.mw'.

\openout4 = `proposal.mw'.

\openout4 = `proposal.mw'.

\openout4 = `proposal.mw'.

\openout4 = `proposal.mw'.

\openout4 = `proposal.mw'.

\openout4 = `proposal.mw'.

\openout4 = `proposal.mw'.

\openout4 = `proposal.mw'.

\openout4 = `proposal.mw'.

\openout4 = `proposal.mw'.

\openout4 = `proposal.mw'.

\openout4 = `proposal.mw'.

\openout4 = `proposal.mw'.

\openout4 = `proposal.mw'.

\openout4 = `proposal.mw'.

\openout4 = `proposal.mw'.

\openout4 = `proposal.mw'.

\openout4 = `proposal.mw'.

\openout4 = `proposal.mw'.

\openout4 = `proposal.mw'.

\openout4 = `proposal.mw'.

\delivlistfile=\write22
\openout4 = `proposal.ldl'.

\openout4 = `proposal.mw'.

\openout4 = `proposal.mw'.

\openout4 = `proposal.mw'.

\openout4 = `proposal.mw'.

\openout4 = `proposal.mw'.

\openout4 = `proposal.mw'.

\openout4 = `proposal.mw'.

\openout4 = `proposal.mw'.

\openout4 = `proposal.mw'.

\openout4 = `proposal.mw'.

\openout4 = `proposal.mw'.

\openout4 = `proposal.mw'.

\openout4 = `proposal.mw'.

\openout4 = `proposal.mw'.

\c@@tmpdate=\count514
\c@@tmpWP=\count515
\c@@tmpN=\count516
\c@@tmpD=\count517
\c@@posi=\count518
\c@@posj=\count519
\c@@posjup=\count520
\openout4 = `proposal.mw'.

\openout4 = `proposal.mw'.

\openout4 = `proposal.mw'.

\openout4 = `proposal.mw'.

\openout4 = `proposal.mw'.

\openout4 = `proposal.mw'.

\openout4 = `proposal.mw'.

\openout4 = `proposal.mw'.

\openout4 = `proposal.mw'.

\openout4 = `proposal.mw'.

\openout4 = `proposal.mw'.

\openout4 = `proposal.mw'.

\openout4 = `proposal.mw'.

\openout4 = `proposal.mw'.

\openout4 = `proposal.mw'.

\openout4 = `proposal.mw'.

\openout4 = `proposal.mw'.

\openout4 = `proposal.mw'.

\openout4 = `proposal.mw'.

\openout4 = `proposal.mw'.

\openout4 = `proposal.mw'.

\openout4 = `proposal.mw'.

\openout4 = `proposal.mw'.

\openout4 = `proposal.mw'.

\openout4 = `proposal.mw'.

\openout4 = `proposal.mw'.

\openout4 = `proposal.mw'.

\openout4 = `proposal.mw'.

\openout4 = `proposal.mw'.

\openout4 = `proposal.mw'.

\openout4 = `proposal.mw'.

\openout4 = `proposal.mw'.

\openout4 = `proposal.mw'.

\openout4 = `proposal.mw'.

\openout4 = `proposal.mw'.

\openout4 = `proposal.mw'.

\openout4 = `proposal.mw'.

\openout4 = `proposal.mw'.

\openout4 = `proposal.mw'.

\openout4 = `proposal.mw'.

\openout4 = `proposal.mw'.

\openout4 = `proposal.mw'.

\openout4 = `proposal.mw'.

\openout4 = `proposal.mw'.

\openout4 = `proposal.mw'.

\openout4 = `proposal.mw'.

\openout4 = `proposal.mw'.

\openout4 = `proposal.mw'.

\openout4 = `proposal.mw'.

\openout4 = `proposal.mw'.

\openout4 = `proposal.mw'.

\openout4 = `proposal.mw'.

\openout4 = `proposal.mw'.

\openout4 = `proposal.mw'.

\openout4 = `proposal.mw'.

\openout4 = `proposal.mw'.

\openout4 = `proposal.mw'.

\openout4 = `proposal.mw'.

\openout4 = `proposal.mw'.

\openout4 = `proposal.mw'.

\openout4 = `proposal.mw'.

\openout4 = `proposal.mw'.

\openout4 = `proposal.mw'.

\openout4 = `proposal.mw'.

\openout4 = `proposal.mw'.

\openout4 = `proposal.mw'.

\openout4 = `proposal.mw'.

\openout4 = `proposal.mw'.

\openout4 = `proposal.mw'.

\openout4 = `proposal.mw'.

\openout4 = `proposal.mw'.

\openout4 = `proposal.mw'.

\openout4 = `proposal.mw'.

\openout4 = `proposal.mw'.

\openout4 = `proposal.mw'.

\openout4 = `proposal.mw'.

\openout4 = `proposal.mw'.

\openout4 = `proposal.mw'.

\openout4 = `proposal.mw'.

\openout4 = `proposal.mw'.

\openout4 = `proposal.mw'.

\openout4 = `proposal.mw'.

\openout4 = `proposal.mw'.

\openout4 = `proposal.mw'.

\openout4 = `proposal.mw'.

\openout4 = `proposal.mw'.

\mslistfile=\write23
\openout4 = `proposal.lms'.

\openout4 = `proposal.mw'.

\openout4 = `proposal.mw'.

\openout4 = `proposal.mw'.

\openout4 = `proposal.mw'.

\openout4 = `proposal.mw'.

\openout4 = `proposal.mw'.

\openout4 = `proposal.mw'.

\openout4 = `proposal.mw'.

\openout4 = `proposal.mw'.

\openout4 = `proposal.mw'.

\openout4 = `proposal.mw'.

\openout4 = `proposal.mw'.

\openout4 = `proposal.mw'.

\openout4 = `proposal.mw'.

\openout4 = `proposal.mw'.

\openout4 = `proposal.mw'.

\openout4 = `proposal.mw'.

\openout4 = `proposal.mw'.

\openout4 = `proposal.mw'.

\openout4 = `proposal.mw'.

\openout4 = `proposal.mw'.

\openout4 = `proposal.mw'.

\openout4 = `proposal.mw'.

\openout4 = `proposal.mw'.

\rklistfile=\write24
\openout4 = `proposal.lrk'.

\openout4 = `proposal.mw'.

\openout4 = `proposal.mw'.

\openout4 = `proposal.mw'.

\openout4 = `proposal.mw'.

\openout4 = `proposal.mw'.

\openout4 = `proposal.mw'.

\openout4 = `proposal.mw'.

\openout4 = `proposal.mw'.

\openout4 = `proposal.mw'.

\openout4 = `proposal.mw'.

\openout4 = `proposal.mw'.

\openout4 = `proposal.mw'.

\openout4 = `proposal.mw'.

\openout4 = `proposal.mw'.

\openout4 = `proposal.mw'.

\openout4 = `proposal.mw'.

\openout4 = `proposal.mw'.

\openout4 = `proposal.mw'.

\openout4 = `proposal.mw'.

\openout4 = `proposal.mw'.

\soelistfile=\write25
\openout4 = `proposal.lse'.

\openout4 = `proposal.mw'.

\openout4 = `proposal.mw'.

\openout4 = `proposal.mw'.

\openout4 = `proposal.mw'.

\openout4 = `proposal.mw'.

\openout4 = `proposal.mw'.

\openout4 = `proposal.mw'.

\openout4 = `proposal.mw'.

\openout4 = `proposal.mw'.

\openout4 = `proposal.mw'.

\openout4 = `proposal.mw'.

\openout4 = `proposal.mw'.

\openout4 = `proposal.mw'.

\openout4 = `proposal.mw'.

\openout4 = `proposal.mw'.

\openout4 = `proposal.mw'.

\openout4 = `proposal.mw'.

\openout4 = `proposal.mw'.

\openout4 = `proposal.mw'.

\openout4 = `proposal.mw'.

\openout4 = `proposal.mw'.

\openout4 = `proposal.mw'.

\openout4 = `proposal.mw'.

\openout4 = `proposal.mw'.

\openout4 = `proposal.mw'.

\openout4 = `proposal.mw'.

\openout4 = `proposal.mw'.

\openout4 = `proposal.mw'.

\openout4 = `proposal.mw'.

\openout4 = `proposal.mw'.

\openout4 = `proposal.mw'.

\openout4 = `proposal.mw'.

\openout4 = `proposal.mw'.

\openout4 = `proposal.mw'.

\openout4 = `proposal.mw'.

\openout4 = `proposal.mw'.

\openout4 = `proposal.mw'.

\openout4 = `proposal.mw'.

\openout4 = `proposal.mw'.

\openout4 = `proposal.mw'.

\openout4 = `proposal.mw'.

\openout4 = `proposal.mw'.

\openout4 = `proposal.mw'.

\openout4 = `proposal.mw'.

\openout4 = `proposal.mw'.

\openout4 = `proposal.mw'.

\openout4 = `proposal.mw'.

\openout4 = `proposal.mw'.

\openout4 = `proposal.mw'.

\openout4 = `proposal.mw'.

\openout4 = `proposal.mw'.

\openout4 = `proposal.mw'.

\openout4 = `proposal.mw'.

\openout4 = `proposal.mw'.

\openout4 = `proposal.mw'.

\openout4 = `proposal.mw'.

\openout4 = `proposal.mw'.

\openout4 = `proposal.mw'.

\openout4 = `proposal.mw'.

\openout4 = `proposal.mw'.

\openout4 = `proposal.mw'.

\openout4 = `proposal.mw'.

\openout4 = `proposal.mw'.

\openout4 = `proposal.mw'.

\openout4 = `proposal.mw'.

\openout4 = `proposal.mw'.

\openout4 = `proposal.mw'.

\openout4 = `proposal.mw'.

\openout4 = `proposal.mw'.

\openout4 = `proposal.mw'.

\openout4 = `proposal.mw'.

\openout4 = `proposal.mw'.

\openout4 = `proposal.mw'.

\openout4 = `proposal.mw'.

\openout4 = `proposal.mw'.

\openout4 = `proposal.mw'.

\openout4 = `proposal.mw'.

\openout4 = `proposal.mw'.

\openout4 = `proposal.mw'.

\openout4 = `proposal.mw'.

\openout4 = `proposal.mw'.

\openout4 = `proposal.mw'.

\openout4 = `proposal.mw'.

\openout4 = `proposal.mw'.

\openout4 = `proposal.mw'.

\openout4 = `proposal.mw'.

\openout4 = `proposal.mw'.

\openout4 = `proposal.mw'.

\openout4 = `proposal.mw'.

\openout4 = `proposal.mw'.

\openout4 = `proposal.mw'.

\openout4 = `proposal.mw'.

\openout4 = `proposal.mw'.

\openout4 = `proposal.mw'.

\openout4 = `proposal.mw'.

\openout4 = `proposal.mw'.

\openout4 = `proposal.mw'.

\openout4 = `proposal.mw'.

\openout4 = `proposal.mw'.

\openout4 = `proposal.mw'.

\openout4 = `proposal.mw'.

\openout4 = `proposal.mw'.

\openout4 = `proposal.mw'.

\openout4 = `proposal.mw'.

\openout4 = `proposal.mw'.

\openout4 = `proposal.mw'.

\openout4 = `proposal.mw'.

\openout4 = `proposal.mw'.

\openout4 = `proposal.mw'.

\openout4 = `proposal.mw'.

\tklistfile=\write26
\openout4 = `proposal.ltk'.

\openout4 = `proposal.mw'.

\openout4 = `proposal.mw'.

\openout4 = `proposal.mw'.

\openout4 = `proposal.mw'.

\openout4 = `proposal.mw'.

\openout4 = `proposal.mw'.

\openout4 = `proposal.mw'.

\openout4 = `proposal.mw'.

\openout4 = `proposal.mw'.

\openout4 = `proposal.mw'.

\openout4 = `proposal.mw'.

\openout4 = `proposal.mw'.

\openout4 = `proposal.mw'.

\openout4 = `proposal.mw'.

\openout4 = `proposal.mw'.

\openout4 = `proposal.mw'.

\openout4 = `proposal.mw'.

\openout4 = `proposal.mw'.

\openout4 = `proposal.mw'.

\openout4 = `proposal.mw'.

\openout4 = `proposal.mw'.

\openout4 = `proposal.mw'.

\openout4 = `proposal.mw'.

\openout4 = `proposal.mw'.

\openout4 = `proposal.mw'.

\openout4 = `proposal.mw'.

\openout4 = `proposal.mw'.

\openout4 = `proposal.mw'.

\openout4 = `proposal.mw'.

\openout4 = `proposal.mw'.

\openout4 = `proposal.mw'.

\openout4 = `proposal.mw'.

\openout4 = `proposal.mw'.

\openout4 = `proposal.mw'.

\openout4 = `proposal.mw'.

\openout4 = `proposal.mw'.

\openout4 = `proposal.mw'.

\openout4 = `proposal.mw'.

\openout4 = `proposal.mw'.

\openout4 = `proposal.mw'.

\openout4 = `proposal.mw'.

\openout4 = `proposal.mw'.

\openout4 = `proposal.mw'.

\openout4 = `proposal.mw'.

\openout4 = `proposal.mw'.

\openout4 = `proposal.mw'.

\openout4 = `proposal.mw'.

\openout4 = `proposal.mw'.

\openout4 = `proposal.mw'.

\openout4 = `proposal.mw'.

\openout4 = `proposal.mw'.

\openout4 = `proposal.mw'.

\openout4 = `proposal.mw'.

\openout4 = `proposal.mw'.

\openout4 = `proposal.mw'.

\openout4 = `proposal.mw'.

\openout4 = `proposal.mw'.

\openout4 = `proposal.mw'.

\openout4 = `proposal.mw'.

\openout4 = `proposal.mw'.

\openout4 = `proposal.mw'.

\openout4 = `proposal.mw'.

\openout4 = `proposal.mw'.

\openout4 = `proposal.mw'.

\openout4 = `proposal.mw'.

\openout4 = `proposal.mw'.

\openout4 = `proposal.mw'.

\openout4 = `proposal.mw'.

\openout4 = `proposal.mw'.

\openout4 = `proposal.mw'.

\openout4 = `proposal.mw'.

\openout4 = `proposal.mw'.

\openout4 = `proposal.mw'.

\openout4 = `proposal.mw'.

\openout4 = `proposal.mw'.

\openout4 = `proposal.mw'.

\openout4 = `proposal.mw'.

\openout4 = `proposal.mw'.

\openout4 = `proposal.mw'.

\openout4 = `proposal.mw'.

\openout4 = `proposal.mw'.

\openout4 = `proposal.mw'.

\openout4 = `proposal.mw'.

\openout4 = `proposal.mw'.

\openout4 = `proposal.mw'.

\openout4 = `proposal.mw'.

\openout4 = `proposal.mw'.

\openout4 = `proposal.mw'.

\openout4 = `proposal.mw'.

\openout4 = `proposal.mw'.

\openout4 = `proposal.mw'.

\openout4 = `proposal.mw'.

\openout4 = `proposal.mw'.

\openout4 = `proposal.mw'.

\openout4 = `proposal.mw'.

\openout4 = `proposal.mw'.

\openout4 = `proposal.mw'.

\openout4 = `proposal.mw'.

\openout4 = `proposal.mw'.

\openout4 = `proposal.mw'.

\gntchartfile=\write27
\openout4 = `proposal.gnt'.

\openout4 = `proposal.mw'.

\openout4 = `proposal.mw'.

\openout4 = `proposal.mw'.

\openout4 = `proposal.mw'.

\openout4 = `proposal.mw'.

\openout4 = `proposal.mw'.

\openout4 = `proposal.mw'.

\openout4 = `proposal.mw'.

\openout4 = `proposal.mw'.

\openout4 = `proposal.mw'.

\openout4 = `proposal.mw'.

\openout4 = `proposal.mw'.

\openout4 = `proposal.mw'.

\openout4 = `proposal.mw'.

\openout4 = `proposal.mw'.

\openout4 = `proposal.mw'.

\openout4 = `proposal.mw'.

\openout4 = `proposal.mw'.

\openout4 = `proposal.mw'.

\openout4 = `proposal.mw'.

\openout4 = `proposal.mw'.

\openout4 = `proposal.mw'.

\openout4 = `proposal.mw'.

\openout4 = `proposal.mw'.

\openout4 = `proposal.mw'.

\openout4 = `proposal.mw'.

\openout4 = `proposal.mw'.

\openout4 = `proposal.mw'.

\openout4 = `proposal.mw'.

\openout4 = `proposal.mw'.

\openout4 = `proposal.mw'.

\openout4 = `proposal.mw'.

\openout4 = `proposal.mw'.

\openout4 = `proposal.mw'.

\openout4 = `proposal.mw'.

\openout4 = `proposal.mw'.

\openout4 = `proposal.mw'.

\openout4 = `proposal.mw'.

\openout4 = `proposal.mw'.

\openout4 = `proposal.mw'.

\openout4 = `proposal.mw'.

\openout4 = `proposal.mw'.

\openout4 = `proposal.mw'.

\openout4 = `proposal.mw'.

\openout4 = `proposal.mw'.

\openout4 = `proposal.mw'.

\openout4 = `proposal.mw'.

\openout4 = `proposal.mw'.

\openout4 = `proposal.mw'.

\openout4 = `proposal.mw'.

\openout4 = `proposal.mw'.

\openout4 = `proposal.mw'.

\openout4 = `proposal.mw'.

\openout4 = `proposal.mw'.

\openout4 = `proposal.mw'.

\openout4 = `proposal.mw'.

Package atveryend Info: Empty hook `BeforeClearDocument' on input line 188.
Package atveryend Info: Empty hook `AfterLastShipout' on input line 188.
 (./proposal.aux (./wp-m1cA.aux) (./wp-m1cN.aux) (./wp-m2cN.aux) (./wp-opt.aux)
 (./wp-app.aux) (./wp-mUcN.aux))
Package atveryend Info: Executing hook `AtVeryEndDocument' on input line 188.
Package atveryend Info: Executing hook `AtEndAfterFileList' on input line 188.
\openout4 = `proposal.out'.

Package rerunfilecheck Info: File `proposal.out' has not changed.
(rerunfilecheck)             Checksum: F549B8E212C0F158BBAB1BCAFD6B6928;542.


LaTeX Font Warning: Some font shapes were not available, defaults substituted.


LaTeX Warning: There were undefined references.


LaTeX Warning: There were multiply-defined labels.

Package atveryend Info: Empty hook `AtVeryVeryEnd' on input line 188.
\openout4 = `proposal.lwp'.

\openout4 = `proposal.ldl'.

\openout4 = `proposal.lms'.

\openout4 = `proposal.lrk'.

\openout4 = `proposal.lse'.

\openout4 = `proposal.ltk'.

\openout4 = `proposal.gnt'.

 ) 
Here is how much of TeX's memory you used:
 32116 strings out of 492995
 588812 string characters out of 6132704
 743919 words of memory out of 5000000
 34975 multiletter control sequences out of 15000+600000
 46879 words of font info for 136 fonts, out of 8000000 for 9000
 1141 hyphenation exceptions out of 8191
 68i,12n,65p,10366b,447s stack positions out of 5000i,500n,10000p,200000b,80000s
{/usr/local/texlive/2017/texmf-dist/fonts/enc/dvips/base/8r.enc}</usr/local/t
exlive/2017/texmf-dist/fonts/type1/public/amsfonts/cm/cmsy10.pfb></usr/local/te
xlive/2017/texmf-dist/fonts/type1/public/amsfonts/cm/cmtt10.pfb></usr/local/tex
live/2017/texmf-dist/fonts/type1/urw/palatino/uplb8a.pfb></usr/local/texlive/20
17/texmf-dist/fonts/type1/urw/palatino/uplr8a.pfb>
Output written on proposal.pdf (13 pages, 191785 bytes).
PDF statistics:
 268 PDF objects out of 1000 (max. 8388607)
 245 compressed objects within 3 object streams
 135 named destinations out of 1000 (max. 500000)
 12378 words of extra memory for PDF output out of 14400 (max. 10000000)

